0 torch.Size([50, 50, 50])
1 torch.Size([50, 50, 50])
2 torch.Size([50, 50, 50])
3 torch.Size([50, 50, 50])
4 torch.Size([50, 50, 50])
5 torch.Size([50, 50, 50])
6 torch.Size([50, 50, 50])
7 torch.Size([50, 50, 50])
8 torch.Size([50, 50, 50])
9 torch.Size([50, 50, 50])
10 torch.Size([50, 50, 50])
11 torch.Size([50, 50, 50])
12 torch.Size([50, 50, 50])
13 torch.Size([50, 50, 50])
14 torch.Size([50, 50, 50])
15 torch.Size([50, 50, 50])
16 torch.Size([50, 50, 50])
17 torch.Size([50, 50, 50])
18 torch.Size([50, 50, 50])
19 torch.Size([50, 50, 50])
20 torch.Size([50, 50, 50])
21 torch.Size([50, 50, 50])
22 torch.Size([50, 50, 50])
23 torch.Size([50, 50, 50])
24 torch.Size([50, 50, 50])
25 torch.Size([50, 50, 50])
26 torch.Size([50, 50, 50])
27 torch.Size([50, 50, 50])
28 torch.Size([50, 50, 50])
29 torch.Size([50, 50, 50])
30 torch.Size([50, 50, 50])
31 torch.Size([50, 50, 50])
32 torch.Size([50, 50, 50])
33 torch.Size([50, 50, 50])
34 torch.Size([50, 50, 50])
35 torch.Size([50, 50, 50])
36 torch.Size([50, 50, 50])
37 torch.Size([50, 50, 50])
38 torch.Size([50, 50, 50])
39 torch.Size([50, 50, 50])
40 torch.Size([50, 50, 50])
41 torch.Size([50, 50, 50])
42 torch.Size([50, 50, 50])
43 torch.Size([50, 50, 50])
44 torch.Size([50, 50, 50])
45 torch.Size([50, 50, 50])
46 torch.Size([50, 50, 50])
47 torch.Size([50, 50, 50])
48 torch.Size([50, 50, 50])
49 torch.Size([50, 50, 50])
50 torch.Size([50, 50, 50])
51 torch.Size([50, 50, 50])
52 torch.Size([50, 50, 50])
53 torch.Size([50, 50, 50])
54 torch.Size([50, 50, 50])
55 torch.Size([50, 50, 50])
56 torch.Size([50, 50, 50])
57 torch.Size([50, 50, 50])
58 torch.Size([50, 50, 50])
59 torch.Size([50, 50, 50])
60 torch.Size([50, 50, 50])
61 torch.Size([50, 50, 50])
62 torch.Size([50, 50, 50])
63 torch.Size([50, 50, 50])
64 torch.Size([50, 50, 50])
65 torch.Size([50, 50, 50])
66 torch.Size([50, 50, 50])
67 torch.Size([50, 50, 50])
68 torch.Size([50, 50, 50])
69 torch.Size([50, 50, 50])
70 torch.Size([50, 50, 50])
71 torch.Size([50, 50, 50])
72 torch.Size([50, 50, 50])
73 torch.Size([50, 50, 50])
74 torch.Size([50, 50, 50])
75 torch.Size([50, 50, 50])
76 torch.Size([50, 50, 50])
77 torch.Size([50, 50, 50])
78 torch.Size([50, 50, 50])
79 torch.Size([50, 50, 50])
80 torch.Size([50, 50, 50])
81 torch.Size([50, 50, 50])
82 torch.Size([50, 50, 50])
83 torch.Size([50, 50, 50])
84 torch.Size([50, 50, 50])
85 torch.Size([50, 50, 50])
86 torch.Size([50, 50, 50])
87 torch.Size([50, 50, 50])
88 torch.Size([50, 50, 50])
89 torch.Size([50, 50, 50])
90 torch.Size([50, 50, 50])
91 torch.Size([50, 50, 50])
92 torch.Size([50, 50, 50])
93 torch.Size([50, 50, 50])
94 torch.Size([50, 50, 50])
95 torch.Size([50, 50, 50])
96 torch.Size([50, 50, 50])
97 torch.Size([50, 50, 50])
98 torch.Size([50, 50, 50])
99 torch.Size([50, 50, 50])
100 torch.Size([50, 50, 50])
101 torch.Size([50, 50, 50])
102 torch.Size([50, 50, 50])
103 torch.Size([50, 50, 50])
104 torch.Size([50, 50, 50])
105 torch.Size([50, 50, 50])
106 torch.Size([50, 50, 50])
107 torch.Size([50, 50, 50])
108 torch.Size([50, 50, 50])
109 torch.Size([50, 50, 50])
110 torch.Size([50, 50, 50])
111 torch.Size([50, 50, 50])
112 torch.Size([50, 50, 50])
113 torch.Size([50, 50, 50])
114 torch.Size([50, 50, 50])
115 torch.Size([50, 50, 50])
116 torch.Size([50, 50, 50])
117 torch.Size([50, 50, 50])
118 torch.Size([50, 50, 50])
119 torch.Size([50, 50, 50])
120 torch.Size([50, 50, 50])
121 torch.Size([50, 50, 50])
122 torch.Size([50, 50, 50])
123 torch.Size([50, 50, 50])
124 torch.Size([50, 50, 50])
125 torch.Size([50, 50, 50])
126 torch.Size([50, 50, 50])
127 torch.Size([50, 50, 50])
128 torch.Size([50, 50, 50])
129 torch.Size([50, 50, 50])
130 torch.Size([50, 50, 50])
131 torch.Size([50, 50, 50])
132 torch.Size([50, 50, 50])
133 torch.Size([50, 50, 50])
134 torch.Size([50, 50, 50])
135 torch.Size([50, 50, 50])
136 torch.Size([50, 50, 50])
137 torch.Size([50, 50, 50])
138 torch.Size([50, 50, 50])
139 torch.Size([50, 50, 50])
140 torch.Size([50, 50, 50])
141 torch.Size([50, 50, 50])
142 torch.Size([50, 50, 50])
143 torch.Size([50, 50, 50])
144 torch.Size([50, 50, 50])
145 torch.Size([50, 50, 50])
146 torch.Size([50, 50, 50])
147 torch.Size([50, 50, 50])
148 torch.Size([50, 50, 50])
149 torch.Size([50, 50, 50])
150 torch.Size([50, 50, 50])
151 torch.Size([50, 50, 50])
152 torch.Size([50, 50, 50])
153 torch.Size([50, 50, 50])
154 torch.Size([50, 50, 50])
155 torch.Size([50, 50, 50])
156 torch.Size([50, 50, 50])
157 torch.Size([50, 50, 50])
158 torch.Size([50, 50, 50])
159 torch.Size([50, 50, 50])
160 torch.Size([50, 50, 50])
161 torch.Size([50, 50, 50])
162 torch.Size([50, 50, 50])
163 torch.Size([50, 50, 50])
164 torch.Size([50, 50, 50])
165 torch.Size([50, 50, 50])
166 torch.Size([50, 50, 50])
167 torch.Size([50, 50, 50])
168 torch.Size([50, 50, 50])
169 torch.Size([50, 50, 50])
170 torch.Size([50, 50, 50])
171 torch.Size([50, 50, 50])
172 torch.Size([50, 50, 50])
173 torch.Size([50, 50, 50])
174 torch.Size([50, 50, 50])
175 torch.Size([50, 50, 50])
176 torch.Size([50, 50, 50])
177 torch.Size([50, 50, 50])
178 torch.Size([50, 50, 50])
179 torch.Size([50, 50, 50])
180 torch.Size([50, 50, 50])
181 torch.Size([50, 50, 50])
182 torch.Size([50, 50, 50])
183 torch.Size([50, 50, 50])
184 torch.Size([50, 50, 50])
185 torch.Size([50, 50, 50])
186 torch.Size([50, 50, 50])
187 torch.Size([50, 50, 50])
188 torch.Size([50, 50, 50])
189 torch.Size([50, 50, 50])
190 torch.Size([50, 50, 50])
191 torch.Size([50, 50, 50])
192 torch.Size([50, 50, 50])
193 torch.Size([50, 50, 50])
194 torch.Size([50, 50, 50])
195 torch.Size([50, 50, 50])
196 torch.Size([50, 50, 50])
197 torch.Size([50, 50, 50])
198 torch.Size([50, 50, 50])
199 torch.Size([50, 50, 50])
200 torch.Size([50, 50, 50])
201 torch.Size([50, 50, 50])
202 torch.Size([50, 50, 50])
203 torch.Size([50, 50, 50])
204 torch.Size([50, 50, 50])
205 torch.Size([50, 50, 50])
206 torch.Size([50, 50, 50])
207 torch.Size([50, 50, 50])
208 torch.Size([50, 50, 50])
209 torch.Size([50, 50, 50])
210 torch.Size([50, 50, 50])
211 torch.Size([50, 50, 50])
212 torch.Size([50, 50, 50])
213 torch.Size([50, 50, 50])
214 torch.Size([50, 50, 50])
215 torch.Size([50, 50, 50])
216 torch.Size([50, 50, 50])
217 torch.Size([50, 50, 50])
218 torch.Size([50, 50, 50])
219 torch.Size([50, 50, 50])
220 torch.Size([50, 50, 50])
221 torch.Size([50, 50, 50])
222 torch.Size([50, 50, 50])
223 torch.Size([50, 50, 50])
224 torch.Size([50, 50, 50])
225 torch.Size([50, 50, 50])
226 torch.Size([50, 50, 50])
227 torch.Size([50, 50, 50])
228 torch.Size([50, 50, 50])
229 torch.Size([50, 50, 50])
230 torch.Size([50, 50, 50])
231 torch.Size([50, 50, 50])
232 torch.Size([50, 50, 50])
233 torch.Size([50, 50, 50])
234 torch.Size([50, 50, 50])
235 torch.Size([50, 50, 50])
236 torch.Size([50, 50, 50])
237 torch.Size([50, 50, 50])
238 torch.Size([50, 50, 50])
239 torch.Size([50, 50, 50])
240 torch.Size([50, 50, 50])
241 torch.Size([50, 50, 50])
242 torch.Size([50, 50, 50])
243 torch.Size([50, 50, 50])
244 torch.Size([50, 50, 50])
245 torch.Size([50, 50, 50])
246 torch.Size([50, 50, 50])
247 torch.Size([50, 50, 50])
248 torch.Size([50, 50, 50])
249 torch.Size([50, 50, 50])
250 torch.Size([50, 50, 50])
251 torch.Size([50, 50, 50])
252 torch.Size([50, 50, 50])
253 torch.Size([50, 50, 50])
254 torch.Size([50, 50, 50])
255 torch.Size([50, 50, 50])
256 torch.Size([50, 50, 50])
257 torch.Size([50, 50, 50])
258 torch.Size([50, 50, 50])
259 torch.Size([50, 50, 50])
260 torch.Size([50, 50, 50])
261 torch.Size([50, 50, 50])
262 torch.Size([50, 50, 50])
263 torch.Size([50, 50, 50])
264 torch.Size([50, 50, 50])
265 torch.Size([50, 50, 50])
266 torch.Size([50, 50, 50])
267 torch.Size([50, 50, 50])
268 torch.Size([50, 50, 50])
269 torch.Size([50, 50, 50])
270 torch.Size([50, 50, 50])
271 torch.Size([50, 50, 50])
272 torch.Size([50, 50, 50])
273 torch.Size([50, 50, 50])
274 torch.Size([50, 50, 50])
275 torch.Size([50, 50, 50])
276 torch.Size([50, 50, 50])
277 torch.Size([50, 50, 50])
278 torch.Size([50, 50, 50])
279 torch.Size([50, 50, 50])
280 torch.Size([50, 50, 50])
281 torch.Size([50, 50, 50])
282 torch.Size([50, 50, 50])
283 torch.Size([50, 50, 50])
284 torch.Size([50, 50, 50])
285 torch.Size([50, 50, 50])
286 torch.Size([50, 50, 50])
287 torch.Size([50, 50, 50])
288 torch.Size([50, 50, 50])
289 torch.Size([50, 50, 50])
290 torch.Size([50, 50, 50])
291 torch.Size([50, 50, 50])
292 torch.Size([50, 50, 50])
293 torch.Size([50, 50, 50])
294 torch.Size([50, 50, 50])
295 torch.Size([50, 50, 50])
296 torch.Size([50, 50, 50])
297 torch.Size([50, 50, 50])
298 torch.Size([50, 50, 50])
299 torch.Size([50, 50, 50])
300 torch.Size([50, 50, 50])
301 torch.Size([50, 50, 50])
302 torch.Size([50, 50, 50])
303 torch.Size([50, 50, 50])
304 torch.Size([50, 50, 50])
305 torch.Size([50, 50, 50])
306 torch.Size([50, 50, 50])
307 torch.Size([50, 50, 50])
308 torch.Size([50, 50, 50])
309 torch.Size([50, 50, 50])
310 torch.Size([50, 50, 50])
311 torch.Size([50, 50, 50])
312 torch.Size([50, 50, 50])
313 torch.Size([50, 50, 50])
314 torch.Size([50, 50, 50])
315 torch.Size([50, 50, 50])
316 torch.Size([50, 50, 50])
317 torch.Size([50, 50, 50])
318 torch.Size([50, 50, 50])
319 torch.Size([50, 50, 50])
320 torch.Size([50, 50, 50])
321 torch.Size([50, 50, 50])
322 torch.Size([50, 50, 50])
323 torch.Size([50, 50, 50])
324 torch.Size([50, 50, 50])
325 torch.Size([50, 50, 50])
326 torch.Size([50, 50, 50])
327 torch.Size([50, 50, 50])
328 torch.Size([50, 50, 50])
329 torch.Size([50, 50, 50])
330 torch.Size([50, 50, 50])
331 torch.Size([50, 50, 50])
332 torch.Size([50, 50, 50])
333 torch.Size([50, 50, 50])
334 torch.Size([50, 50, 50])
335 torch.Size([50, 50, 50])
336 torch.Size([50, 50, 50])
337 torch.Size([50, 50, 50])
338 torch.Size([50, 50, 50])
339 torch.Size([50, 50, 50])
340 torch.Size([50, 50, 50])
341 torch.Size([50, 50, 50])
342 torch.Size([50, 50, 50])
343 torch.Size([50, 50, 50])
344 torch.Size([50, 50, 50])
345 torch.Size([50, 50, 50])
346 torch.Size([50, 50, 50])
347 torch.Size([50, 50, 50])
348 torch.Size([50, 50, 50])
349 torch.Size([50, 50, 50])
350 torch.Size([50, 50, 50])
351 torch.Size([50, 50, 50])
352 torch.Size([50, 50, 50])
353 torch.Size([50, 50, 50])
354 torch.Size([50, 50, 50])
355 torch.Size([50, 50, 50])
356 torch.Size([50, 50, 50])
357 torch.Size([50, 50, 50])
358 torch.Size([50, 50, 50])
359 torch.Size([50, 50, 50])
360 torch.Size([50, 50, 50])
361 torch.Size([50, 50, 50])
362 torch.Size([50, 50, 50])
363 torch.Size([50, 50, 50])
364 torch.Size([50, 50, 50])
365 torch.Size([50, 50, 50])
366 torch.Size([50, 50, 50])
367 torch.Size([50, 50, 50])
368 torch.Size([50, 50, 50])
369 torch.Size([50, 50, 50])
370 torch.Size([50, 50, 50])
371 torch.Size([50, 50, 50])
372 torch.Size([50, 50, 50])
373 torch.Size([50, 50, 50])
374 torch.Size([50, 50, 50])
375 torch.Size([50, 50, 50])
376 torch.Size([50, 50, 50])
377 torch.Size([50, 50, 50])
378 torch.Size([50, 50, 50])
379 torch.Size([50, 50, 50])
380 torch.Size([50, 50, 50])
381 torch.Size([50, 50, 50])
382 torch.Size([50, 50, 50])
383 torch.Size([50, 50, 50])
384 torch.Size([50, 50, 50])
385 torch.Size([50, 50, 50])
386 torch.Size([50, 50, 50])
387 torch.Size([50, 50, 50])
388 torch.Size([50, 50, 50])
389 torch.Size([50, 50, 50])
390 torch.Size([50, 50, 50])
391 torch.Size([50, 50, 50])
392 torch.Size([50, 50, 50])
393 torch.Size([50, 50, 50])
394 torch.Size([50, 50, 50])
395 torch.Size([50, 50, 50])
396 torch.Size([50, 50, 50])
397 torch.Size([50, 50, 50])
398 torch.Size([50, 50, 50])
399 torch.Size([50, 50, 50])
400 torch.Size([50, 50, 50])
401 torch.Size([50, 50, 50])
402 torch.Size([50, 50, 50])
403 torch.Size([50, 50, 50])
404 torch.Size([50, 50, 50])
405 torch.Size([50, 50, 50])
406 torch.Size([50, 50, 50])
407 torch.Size([50, 50, 50])
408 torch.Size([50, 50, 50])
409 torch.Size([50, 50, 50])
410 torch.Size([50, 50, 50])
411 torch.Size([50, 50, 50])
412 torch.Size([50, 50, 50])
413 torch.Size([50, 50, 50])
414 torch.Size([50, 50, 50])
415 torch.Size([50, 50, 50])
416 torch.Size([50, 50, 50])
417 torch.Size([50, 50, 50])
418 torch.Size([50, 50, 50])
419 torch.Size([50, 50, 50])
420 torch.Size([50, 50, 50])
421 torch.Size([50, 50, 50])
422 torch.Size([50, 50, 50])
423 torch.Size([50, 50, 50])
424 torch.Size([50, 50, 50])
425 torch.Size([50, 50, 50])
426 torch.Size([50, 50, 50])
427 torch.Size([50, 50, 50])
428 torch.Size([50, 50, 50])
429 torch.Size([50, 50, 50])
430 torch.Size([50, 50, 50])
431 torch.Size([50, 50, 50])
432 torch.Size([50, 50, 50])
433 torch.Size([50, 50, 50])
434 torch.Size([50, 50, 50])
435 torch.Size([50, 50, 50])
436 torch.Size([50, 50, 50])
437 torch.Size([50, 50, 50])
438 torch.Size([50, 50, 50])
439 torch.Size([50, 50, 50])
440 torch.Size([50, 50, 50])
441 torch.Size([50, 50, 50])
442 torch.Size([50, 50, 50])
443 torch.Size([50, 50, 50])
444 torch.Size([50, 50, 50])
445 torch.Size([50, 50, 50])
446 torch.Size([50, 50, 50])
447 torch.Size([50, 50, 50])
448 torch.Size([50, 50, 50])
449 torch.Size([50, 50, 50])
450 torch.Size([50, 50, 50])
451 torch.Size([50, 50, 50])
452 torch.Size([50, 50, 50])
453 torch.Size([50, 50, 50])
454 torch.Size([50, 50, 50])
455 torch.Size([50, 50, 50])
456 torch.Size([50, 50, 50])
457 torch.Size([50, 50, 50])
458 torch.Size([50, 50, 50])
459 torch.Size([50, 50, 50])
460 torch.Size([50, 50, 50])
461 torch.Size([50, 50, 50])
462 torch.Size([50, 50, 50])
463 torch.Size([50, 50, 50])
464 torch.Size([50, 50, 50])
465 torch.Size([50, 50, 50])
466 torch.Size([50, 50, 50])
467 torch.Size([50, 50, 50])
468 torch.Size([50, 50, 50])
469 torch.Size([50, 50, 50])
470 torch.Size([50, 50, 50])
471 torch.Size([50, 50, 50])
472 torch.Size([50, 50, 50])
473 torch.Size([50, 50, 50])
474 torch.Size([50, 50, 50])
475 torch.Size([50, 50, 50])
476 torch.Size([50, 50, 50])
477 torch.Size([50, 50, 50])
478 torch.Size([50, 50, 50])
479 torch.Size([50, 50, 50])
480 torch.Size([50, 50, 50])
481 torch.Size([50, 50, 50])
482 torch.Size([50, 50, 50])
483 torch.Size([50, 50, 50])
484 torch.Size([50, 50, 50])
485 torch.Size([50, 50, 50])
486 torch.Size([50, 50, 50])
487 torch.Size([50, 50, 50])
488 torch.Size([50, 50, 50])
489 torch.Size([50, 50, 50])
490 torch.Size([50, 50, 50])
491 torch.Size([50, 50, 50])
492 torch.Size([50, 50, 50])
493 torch.Size([50, 50, 50])
494 torch.Size([50, 50, 50])
495 torch.Size([50, 50, 50])
496 torch.Size([50, 50, 50])
497 torch.Size([50, 50, 50])
498 torch.Size([50, 50, 50])
499 torch.Size([50, 50, 50])
500 torch.Size([50, 50, 50])
501 torch.Size([50, 50, 50])
502 torch.Size([50, 50, 50])
503 torch.Size([50, 50, 50])
504 torch.Size([50, 50, 50])
505 torch.Size([50, 50, 50])
506 torch.Size([50, 50, 50])
507 torch.Size([50, 50, 50])
508 torch.Size([50, 50, 50])
509 torch.Size([50, 50, 50])
510 torch.Size([50, 50, 50])
511 torch.Size([50, 50, 50])
512 torch.Size([50, 50, 50])
513 torch.Size([50, 50, 50])
514 torch.Size([50, 50, 50])
515 torch.Size([50, 50, 50])
516 torch.Size([50, 50, 50])
517 torch.Size([50, 50, 50])
518 torch.Size([50, 50, 50])
519 torch.Size([50, 50, 50])
520 torch.Size([50, 50, 50])
521 torch.Size([50, 50, 50])
522 torch.Size([50, 50, 50])
523 torch.Size([50, 50, 50])
524 torch.Size([50, 50, 50])
525 torch.Size([50, 50, 50])
526 torch.Size([50, 50, 50])
527 torch.Size([50, 50, 50])
528 torch.Size([50, 50, 50])
529 torch.Size([50, 50, 50])
530 torch.Size([50, 50, 50])
531 torch.Size([50, 50, 50])
532 torch.Size([50, 50, 50])
533 torch.Size([50, 50, 50])
534 torch.Size([50, 50, 50])
535 torch.Size([50, 50, 50])
536 torch.Size([50, 50, 50])
537 torch.Size([50, 50, 50])
538 torch.Size([50, 50, 50])
539 torch.Size([50, 50, 50])
540 torch.Size([50, 50, 50])
541 torch.Size([50, 50, 50])
542 torch.Size([50, 50, 50])
543 torch.Size([50, 50, 50])
544 torch.Size([50, 50, 50])
545 torch.Size([50, 50, 50])
546 torch.Size([50, 50, 50])
547 torch.Size([50, 50, 50])
548 torch.Size([50, 50, 50])
549 torch.Size([50, 50, 50])
550 torch.Size([50, 50, 50])
551 torch.Size([50, 50, 50])
552 torch.Size([50, 50, 50])
553 torch.Size([50, 50, 50])
554 torch.Size([50, 50, 50])
555 torch.Size([50, 50, 50])
556 torch.Size([50, 50, 50])
557 torch.Size([50, 50, 50])
558 torch.Size([50, 50, 50])
559 torch.Size([50, 50, 50])
560 torch.Size([50, 50, 50])
561 torch.Size([50, 50, 50])
562 torch.Size([50, 50, 50])
563 torch.Size([50, 50, 50])
564 torch.Size([50, 50, 50])
565 torch.Size([50, 50, 50])
566 torch.Size([50, 50, 50])
567 torch.Size([50, 50, 50])
568 torch.Size([50, 50, 50])
569 torch.Size([50, 50, 50])
570 torch.Size([50, 50, 50])
571 torch.Size([50, 50, 50])
572 torch.Size([50, 50, 50])
573 torch.Size([50, 50, 50])
574 torch.Size([50, 50, 50])
575 torch.Size([50, 50, 50])
576 torch.Size([50, 50, 50])
577 torch.Size([50, 50, 50])
578 torch.Size([50, 50, 50])
579 torch.Size([50, 50, 50])
580 torch.Size([50, 50, 50])
581 torch.Size([50, 50, 50])
582 torch.Size([50, 50, 50])
583 torch.Size([50, 50, 50])
584 torch.Size([50, 50, 50])
585 torch.Size([50, 50, 50])
586 torch.Size([50, 50, 50])
587 torch.Size([50, 50, 50])
588 torch.Size([50, 50, 50])
589 torch.Size([50, 50, 50])
590 torch.Size([50, 50, 50])
591 torch.Size([50, 50, 50])
592 torch.Size([50, 50, 50])
593 torch.Size([50, 50, 50])
594 torch.Size([50, 50, 50])
Skipping # /scratch/dj1311/Lung_cancer/LIDC_conversion5/LIDC-IDRI-0123/1.3.6.1.4.1.14519.5.2.1.6279.6001.222363923835851360513495795866/1.3.6.1.4.1.14519.5.2.1.6279.6001.103115201714075993579787468219/LIDC-IDRI-0123_CT.nrrd.nii.gz (512, 512, 234) (512, 512, 236)
Traceback (most recent call last):
  File "extract_nodule.py", line 48, in <module>
    f = open('dev', 'w')
TypeError: 'NoneType' object is not subscriptable
