Epochs: 0, i = 0, Loss = 1.932375431060791
Epochs: 0, i = 1, Loss = 2.1154210567474365
Epochs: 0, i = 2, Loss = 1.632594108581543
Epochs: 0, i = 3, Loss = 2.1099257469177246
Epochs: 0, i = 4, Loss = 1.9194434881210327
Epochs: 0, i = 5, Loss = 1.3320825099945068
Epochs: 0, i = 6, Loss = 1.1986355781555176
Epochs: 0, i = 7, Loss = 1.0447642803192139
Epochs: 0, i = 8, Loss = 1.835047721862793
Epochs: 0, i = 9, Loss = 2.4506049156188965
Epochs: 0, i = 10, Loss = 2.153154134750366
Epochs: 0, i = 11, Loss = 1.7470201253890991
Epochs: 0, i = 12, Loss = 1.5829766988754272
Epochs: 0, i = 13, Loss = 1.562447190284729
Epochs: 0, i = 14, Loss = 1.5595043897628784
Epochs: 0, i = 15, Loss = 1.5466389656066895
Epochs: 0, i = 16, Loss = 1.7745966911315918
Epochs: 0, i = 17, Loss = 1.706848382949829
Epochs: 0, i = 18, Loss = 1.3146858215332031
Epochs: 0, i = 19, Loss = 1.876237154006958
Epochs: 0, i = 20, Loss = 1.7860291004180908
Epochs: 0, i = 21, Loss = 1.6086153984069824
Epochs: 0, i = 22, Loss = 1.4878147840499878
Epochs: 0, i = 23, Loss = 1.4385746717453003
Epochs: 0, i = 24, Loss = 1.0628503561019897
Epochs: 0, i = 25, Loss = 1.5419719219207764
Epochs: 1, i = 0, Loss = 1.4956157207489014
Epochs: 1, i = 1, Loss = 1.423703908920288
Epochs: 1, i = 2, Loss = 1.4666332006454468
Epochs: 1, i = 3, Loss = 1.187216877937317
Epochs: 1, i = 4, Loss = 1.4966988563537598
Epochs: 1, i = 5, Loss = 1.5936514139175415
Epochs: 1, i = 6, Loss = 1.3062479496002197
Epochs: 1, i = 7, Loss = 1.4925230741500854
Epochs: 1, i = 8, Loss = 1.875716209411621
Epochs: 1, i = 9, Loss = 1.9514389038085938
Epochs: 1, i = 10, Loss = 1.5799466371536255
Epochs: 1, i = 11, Loss = 1.0607889890670776
Epochs: 1, i = 12, Loss = 1.8211010694503784
Epochs: 1, i = 13, Loss = 1.856871485710144
Epochs: 1, i = 14, Loss = 1.2284151315689087
Epochs: 1, i = 15, Loss = 1.5752376317977905
Epochs: 1, i = 16, Loss = 1.2227624654769897
Epochs: 1, i = 17, Loss = 1.4657952785491943
Epochs: 1, i = 18, Loss = 1.3153506517410278
Epochs: 1, i = 19, Loss = 1.2221755981445312
Epochs: 1, i = 20, Loss = 1.266248345375061
Epochs: 1, i = 21, Loss = 1.3582857847213745
Epochs: 1, i = 22, Loss = 1.3481022119522095
Epochs: 1, i = 23, Loss = 1.1071255207061768
Epochs: 1, i = 24, Loss = 1.335509181022644
Epochs: 1, i = 25, Loss = 1.7346755266189575
Epochs: 2, i = 0, Loss = 1.2212165594100952
Epochs: 2, i = 1, Loss = 1.6018470525741577
Epochs: 2, i = 2, Loss = 1.144523024559021
Epochs: 2, i = 3, Loss = 1.2675812244415283
Epochs: 2, i = 4, Loss = 1.2388994693756104
Epochs: 2, i = 5, Loss = 1.312072515487671
Epochs: 2, i = 6, Loss = 1.573404312133789
Epochs: 2, i = 7, Loss = 1.0919876098632812
Epochs: 2, i = 8, Loss = 1.151971459388733
Epochs: 2, i = 9, Loss = 1.424178123474121
Epochs: 2, i = 10, Loss = 1.2986513376235962
Epochs: 2, i = 11, Loss = 1.2646541595458984
Epochs: 2, i = 12, Loss = 1.182239294052124
Epochs: 2, i = 13, Loss = 1.2867577075958252
Epochs: 2, i = 14, Loss = 1.152492642402649
Epochs: 2, i = 15, Loss = 1.2409594058990479
Epochs: 2, i = 16, Loss = 1.6283782720565796
Epochs: 2, i = 17, Loss = 1.1633177995681763
Epochs: 2, i = 18, Loss = 1.6809436082839966
Epochs: 2, i = 19, Loss = 1.132565975189209
Epochs: 2, i = 20, Loss = 1.862159013748169
Epochs: 2, i = 21, Loss = 1.8341984748840332
Epochs: 2, i = 22, Loss = 1.8761723041534424
Epochs: 2, i = 23, Loss = 1.2436977624893188
Epochs: 2, i = 24, Loss = 1.1707614660263062
Epochs: 2, i = 25, Loss = 1.6855107545852661
Epochs: 3, i = 0, Loss = 1.3342556953430176
Epochs: 3, i = 1, Loss = 1.1818515062332153
Epochs: 3, i = 2, Loss = 1.2456895112991333
Epochs: 3, i = 3, Loss = 1.4096605777740479
Epochs: 3, i = 4, Loss = 1.0147758722305298
Epochs: 3, i = 5, Loss = 1.5002613067626953
Epochs: 3, i = 6, Loss = 1.1127550601959229
Epochs: 3, i = 7, Loss = 1.217477798461914
Epochs: 3, i = 8, Loss = 1.4917690753936768
Epochs: 3, i = 9, Loss = 1.39385187625885
Epochs: 3, i = 10, Loss = 1.0367950201034546
Epochs: 3, i = 11, Loss = 1.0863161087036133
Epochs: 3, i = 12, Loss = 1.1423068046569824
Epochs: 3, i = 13, Loss = 1.23702871799469
Epochs: 3, i = 14, Loss = 1.2590669393539429
Epochs: 3, i = 15, Loss = 1.7399826049804688
Epochs: 3, i = 16, Loss = 1.3596422672271729
Epochs: 3, i = 17, Loss = 1.9495775699615479
Epochs: 3, i = 18, Loss = 1.22068452835083
Epochs: 3, i = 19, Loss = 1.539178490638733
Epochs: 3, i = 20, Loss = 1.0957343578338623
Epochs: 3, i = 21, Loss = 1.0751159191131592
Epochs: 3, i = 22, Loss = 1.343211054801941
Epochs: 3, i = 23, Loss = 1.6079449653625488
Epochs: 3, i = 24, Loss = 1.2794218063354492
Epochs: 3, i = 25, Loss = 1.352033019065857
Epochs: 4, i = 0, Loss = 0.9574180841445923
Epochs: 4, i = 1, Loss = 1.3943500518798828
Epochs: 4, i = 2, Loss = 1.0208489894866943
Epochs: 4, i = 3, Loss = 1.0947341918945312
Epochs: 4, i = 4, Loss = 1.4032323360443115
Epochs: 4, i = 5, Loss = 1.4650319814682007
Epochs: 4, i = 6, Loss = 1.4991631507873535
Epochs: 4, i = 7, Loss = 1.29115891456604
Epochs: 4, i = 8, Loss = 1.2790863513946533
Epochs: 4, i = 9, Loss = 1.1253342628479004
Epochs: 4, i = 10, Loss = 1.4067490100860596
Epochs: 4, i = 11, Loss = 1.5188652276992798
Epochs: 4, i = 12, Loss = 1.555528163909912
Epochs: 4, i = 13, Loss = 0.9386154413223267
Epochs: 4, i = 14, Loss = 1.3889076709747314
Epochs: 4, i = 15, Loss = 1.2005243301391602
Epochs: 4, i = 16, Loss = 0.9666540026664734
Epochs: 4, i = 17, Loss = 1.6001818180084229
Epochs: 4, i = 18, Loss = 1.0390032529830933
Epochs: 4, i = 19, Loss = 1.1203277111053467
Epochs: 4, i = 20, Loss = 1.1449763774871826
Epochs: 4, i = 21, Loss = 1.2738621234893799
Epochs: 4, i = 22, Loss = 1.0632050037384033
Epochs: 4, i = 23, Loss = 1.0986442565917969
Epochs: 4, i = 24, Loss = 1.6878916025161743
Epochs: 4, i = 25, Loss = 1.626931071281433
Epochs: 5, i = 0, Loss = 1.4870975017547607
Epochs: 5, i = 1, Loss = 1.3004326820373535
Epochs: 5, i = 2, Loss = 1.3222618103027344
Epochs: 5, i = 3, Loss = 1.183046817779541
Epochs: 5, i = 4, Loss = 1.3417668342590332
Epochs: 5, i = 5, Loss = 1.2655807733535767
Epochs: 5, i = 6, Loss = 1.4017030000686646
Epochs: 5, i = 7, Loss = 1.257249355316162
Epochs: 5, i = 8, Loss = 1.0044630765914917
Epochs: 5, i = 9, Loss = 0.90944904088974
Epochs: 5, i = 10, Loss = 1.552024245262146
Epochs: 5, i = 11, Loss = 0.9104301333427429
Epochs: 5, i = 12, Loss = 1.2225345373153687
Epochs: 5, i = 13, Loss = 0.927960216999054
Epochs: 5, i = 14, Loss = 1.3223952054977417
Epochs: 5, i = 15, Loss = 2.2174246311187744
Epochs: 5, i = 16, Loss = 1.3672338724136353
Epochs: 5, i = 17, Loss = 1.1438441276550293
Epochs: 5, i = 18, Loss = 1.0887699127197266
Epochs: 5, i = 19, Loss = 1.0030019283294678
Epochs: 5, i = 20, Loss = 1.2231659889221191
Epochs: 5, i = 21, Loss = 1.3923590183258057
Epochs: 5, i = 22, Loss = 0.9639832973480225
Epochs: 5, i = 23, Loss = 1.1803832054138184
Epochs: 5, i = 24, Loss = 1.029265284538269
Epochs: 5, i = 25, Loss = 2.051436185836792
Epochs: 6, i = 0, Loss = 1.0949575901031494
Epochs: 6, i = 1, Loss = 1.201857566833496
Epochs: 6, i = 2, Loss = 1.5749186277389526
Epochs: 6, i = 3, Loss = 1.119088888168335
Epochs: 6, i = 4, Loss = 1.3831768035888672
Epochs: 6, i = 5, Loss = 1.108162522315979
Epochs: 6, i = 6, Loss = 0.9700359106063843
Epochs: 6, i = 7, Loss = 0.9990031719207764
Epochs: 6, i = 8, Loss = 1.3038628101348877
Epochs: 6, i = 9, Loss = 1.2206705808639526
Epochs: 6, i = 10, Loss = 0.8732293248176575
Epochs: 6, i = 11, Loss = 1.4743049144744873
Epochs: 6, i = 12, Loss = 1.1932430267333984
Epochs: 6, i = 13, Loss = 1.6190634965896606
Epochs: 6, i = 14, Loss = 1.1010600328445435
Epochs: 6, i = 15, Loss = 1.462881088256836
Epochs: 6, i = 16, Loss = 1.3564634323120117
Epochs: 6, i = 17, Loss = 1.2041682004928589
Epochs: 6, i = 18, Loss = 1.205011010169983
Epochs: 6, i = 19, Loss = 1.421501636505127
Epochs: 6, i = 20, Loss = 1.0712254047393799
Epochs: 6, i = 21, Loss = 1.0561877489089966
Epochs: 6, i = 22, Loss = 1.370767593383789
Epochs: 6, i = 23, Loss = 1.2304320335388184
Epochs: 6, i = 24, Loss = 1.624786376953125
Epochs: 6, i = 25, Loss = 1.112647533416748
Epochs: 7, i = 0, Loss = 1.2907661199569702
Epochs: 7, i = 1, Loss = 0.9031633138656616
Epochs: 7, i = 2, Loss = 1.2282934188842773
Epochs: 7, i = 3, Loss = 1.220583200454712
Epochs: 7, i = 4, Loss = 1.3757400512695312
Epochs: 7, i = 5, Loss = 0.9580459594726562
Epochs: 7, i = 6, Loss = 0.9825349450111389
Epochs: 7, i = 7, Loss = 1.1007674932479858
Epochs: 7, i = 8, Loss = 1.3030338287353516
Epochs: 7, i = 9, Loss = 0.947555661201477
Epochs: 7, i = 10, Loss = 0.7601363658905029
Epochs: 7, i = 11, Loss = 0.9842613935470581
Epochs: 7, i = 12, Loss = 1.116324543952942
Epochs: 7, i = 13, Loss = 1.0949190855026245
Epochs: 7, i = 14, Loss = 1.1771070957183838
Epochs: 7, i = 15, Loss = 0.9727947115898132
Epochs: 7, i = 16, Loss = 1.19456148147583
Epochs: 7, i = 17, Loss = 0.8166998028755188
Epochs: 7, i = 18, Loss = 1.6174829006195068
Epochs: 7, i = 19, Loss = 0.8845525979995728
Epochs: 7, i = 20, Loss = 1.2033458948135376
Epochs: 7, i = 21, Loss = 1.1661144495010376
Epochs: 7, i = 22, Loss = 1.3276640176773071
Epochs: 7, i = 23, Loss = 1.3807259798049927
Epochs: 7, i = 24, Loss = 0.8621483445167542
Epochs: 7, i = 25, Loss = 1.2859325408935547
Epochs: 8, i = 0, Loss = 0.9517542123794556
Epochs: 8, i = 1, Loss = 1.2984131574630737
Epochs: 8, i = 2, Loss = 1.505058765411377
Epochs: 8, i = 3, Loss = 1.4527374505996704
Epochs: 8, i = 4, Loss = 1.3097583055496216
Epochs: 8, i = 5, Loss = 1.5409404039382935
Epochs: 8, i = 6, Loss = 1.5130125284194946
Epochs: 8, i = 7, Loss = 0.8210490345954895
Epochs: 8, i = 8, Loss = 1.3173460960388184
Epochs: 8, i = 9, Loss = 1.3166868686676025
Epochs: 8, i = 10, Loss = 1.2072800397872925
Epochs: 8, i = 11, Loss = 1.0169726610183716
Epochs: 8, i = 12, Loss = 1.5299288034439087
Epochs: 8, i = 13, Loss = 1.370612382888794
Epochs: 8, i = 14, Loss = 1.252716302871704
Epochs: 8, i = 15, Loss = 1.2868657112121582
Epochs: 8, i = 16, Loss = 1.1284867525100708
Epochs: 8, i = 17, Loss = 1.1200883388519287
Epochs: 8, i = 18, Loss = 1.13048255443573
Epochs: 8, i = 19, Loss = 1.4834318161010742
Epochs: 8, i = 20, Loss = 1.6142470836639404
Epochs: 8, i = 21, Loss = 1.4085941314697266
Epochs: 8, i = 22, Loss = 1.4392865896224976
Epochs: 8, i = 23, Loss = 1.634469747543335
Epochs: 8, i = 24, Loss = 0.8964225649833679
Epochs: 8, i = 25, Loss = 1.6367024183273315
Epochs: 9, i = 0, Loss = 1.6861015558242798
Epochs: 9, i = 1, Loss = 1.2288410663604736
Epochs: 9, i = 2, Loss = 1.0491173267364502
Epochs: 9, i = 3, Loss = 1.0109772682189941
Epochs: 9, i = 4, Loss = 1.317383050918579
Epochs: 9, i = 5, Loss = 1.1102144718170166
Epochs: 9, i = 6, Loss = 1.0747220516204834
Epochs: 9, i = 7, Loss = 0.9478415846824646
Epochs: 9, i = 8, Loss = 1.1143351793289185
Epochs: 9, i = 9, Loss = 1.0700736045837402
Epochs: 9, i = 10, Loss = 1.4249995946884155
Epochs: 9, i = 11, Loss = 0.9501702785491943
Epochs: 9, i = 12, Loss = 1.84065842628479
Epochs: 9, i = 13, Loss = 0.9180620908737183
Epochs: 9, i = 14, Loss = 1.2840538024902344
Epochs: 9, i = 15, Loss = 1.1188125610351562
Epochs: 9, i = 16, Loss = 1.427821159362793
Epochs: 9, i = 17, Loss = 1.2289032936096191
Epochs: 9, i = 18, Loss = 1.08775794506073
Epochs: 9, i = 19, Loss = 1.1309891939163208
Epochs: 9, i = 20, Loss = 1.0153393745422363
Epochs: 9, i = 21, Loss = 0.8779604434967041
Epochs: 9, i = 22, Loss = 1.0785613059997559
Epochs: 9, i = 23, Loss = 1.2828552722930908
Epochs: 9, i = 24, Loss = 1.1488434076309204
Epochs: 9, i = 25, Loss = 1.2155653238296509
Finished Training
Traceback (most recent call last):
  File "train.py", line 98, in <module>
    outputs = resnet18(images)
  File "/home/dj1311/.pyenv/versions/anaconda3-5.3.1/lib/python3.7/site-packages/torch/nn/modules/module.py", line 493, in __call__
    result = self.forward(*input, **kwargs)
  File "/home/dj1311/.pyenv/versions/anaconda3-5.3.1/lib/python3.7/site-packages/torchvision/models/resnet.py", line 192, in forward
    x = self.conv1(x)
  File "/home/dj1311/.pyenv/versions/anaconda3-5.3.1/lib/python3.7/site-packages/torch/nn/modules/module.py", line 493, in __call__
    result = self.forward(*input, **kwargs)
  File "/home/dj1311/.pyenv/versions/anaconda3-5.3.1/lib/python3.7/site-packages/torch/nn/modules/conv.py", line 338, in forward
    self.padding, self.dilation, self.groups)
RuntimeError: Given groups=1, weight of size 64 3 7 7, expected input[16, 50, 50, 50] to have 3 channels, but got 50 channels instead
