Processing patient 0.
Processing patient 1.
Processing patient 2.
Processing patient 3.
Skipping 3 without malignancy.
Processing patient 4.
Skipping 4 without malignancy.
Processing patient 5.
Processing patient 6.
Skipping 6 without malignancy.
Processing patient 7.
Processing patient 8.
Skipping 8 without malignancy.
Processing patient 9.
Processing patient 10.
Skipping 10 without malignancy.
Processing patient 11.
Skipping 11 without malignancy.
Processing patient 12.
Skipping 12 without malignancy.
Processing patient 13.
Processing patient 14.
Skipping 14 without malignancy.
Processing patient 15.
Skipping 15 without malignancy.
Processing patient 16.
Processing patient 17.
Skipping 17 without malignancy.
Processing patient 18.
Processing patient 19.
Skipping 19 without malignancy.
Processing patient 20.
Skipping 20 without malignancy.
Processing patient 21.
Processing patient 22.
Processing patient 23.
Processing patient 24.
Skipping 24 without malignancy.
Processing patient 25.
Processing patient 26.
Skipping 26 without malignancy.
Processing patient 27.
Skipping 27 without malignancy.
Processing patient 28.
Processing patient 29.
Processing patient 30.
Skipping 30 without malignancy.
Processing patient 31.
Processing patient 32.
Processing patient 33.
Skipping 33 without malignancy.
Processing patient 34.
Skipping 34 without malignancy.
Processing patient 35.
Processing patient 36.
Processing patient 37.
Processing patient 38.
Processing patient 39.
Processing patient 40.
Processing patient 41.
Processing patient 42.
Skipping 42 without malignancy.
Processing patient 43.
Processing patient 44.
Skipping 44 without malignancy.
Processing patient 45.
Skipping 45 without malignancy.
Processing patient 46.
Skipping 46 without malignancy.
Processing patient 47.
Skipping 47 without malignancy.
Processing patient 48.
Skipping 48 without malignancy.
Processing patient 49.
Processing patient 50.
Skipping 50 without malignancy.
Processing patient 51.
Processing patient 52.
Processing patient 53.
Skipping 53 without malignancy.
Processing patient 54.
Skipping 54 without malignancy.
Processing patient 55.
Skipping 55 without malignancy.
Processing patient 56.
Processing patient 57.
Skipping 57 without malignancy.
Processing patient 58.
Skipping 58 without malignancy.
Processing patient 59.
Skipping 59 without malignancy.
Processing patient 60.
Processing patient 61.
Skipping 61 without malignancy.
Processing patient 62.
Processing patient 63.
Skipping 63 without malignancy.
Processing patient 64.
Processing patient 65.
Processing patient 66.
Processing patient 67.
Skipping 67 without malignancy.
Processing patient 68.
Processing patient 69.
Processing patient 70.
Skipping 70 without malignancy.
Processing patient 71.
Processing patient 72.
Processing patient 73.
Skipping 73 without malignancy.
Processing patient 74.
Processing patient 75.
Processing patient 76.
Skipping 76 without malignancy.
Processing patient 77.
Processing patient 78.
Processing patient 79.
Processing patient 80.
Processing patient 81.
Processing patient 82.
Processing patient 83.
Skipping 83 without malignancy.
Processing patient 84.
Processing patient 85.
Skipping 85 without malignancy.
Processing patient 86.
Skipping 86 without malignancy.
Processing patient 87.
Skipping 87 without malignancy.
Processing patient 88.
Skipping 88 without malignancy.
Processing patient 89.
Skipping 89 without malignancy.
Processing patient 90.
Processing patient 91.
Processing patient 92.
Processing patient 93.
Skipping 93 without malignancy.
Processing patient 94.
Processing patient 95.
Processing patient 96.
Skipping 96 without malignancy.
Processing patient 97.
Skipping 97 without malignancy.
Processing patient 98.
Skipping 98 without malignancy.
Processing patient 99.
Processing patient 100.
Processing patient 101.
Skipping 101 without malignancy.
Processing patient 102.
Processing patient 103.
Processing patient 104.
Processing patient 105.
Processing patient 106.
Skipping 106 without malignancy.
Processing patient 107.
Processing patient 108.
Skipping 108 without malignancy.
Processing patient 109.
Skipping 109 without malignancy.
Processing patient 110.
Processing patient 111.
Processing patient 112.
Skipping 112 without malignancy.
Processing patient 113.
Processing patient 114.
Skipping 114 without malignancy.
Processing patient 115.
Skipping 115 without malignancy.
Processing patient 116.
Processing patient 117.
Skipping 117 without malignancy.
Processing patient 118.
Skipping 118 without malignancy.
Processing patient 119.
Processing patient 120.
Skipping 120 without malignancy.
Processing patient 121.
Skipping 121 without malignancy.
Processing patient 122.
Processing patient 123.
Processing patient 124.
Processing patient 125.
Skipping 125 without malignancy.
Processing patient 126.
Skipping 126 without malignancy.
Processing patient 127.
Processing patient 128.
Processing patient 129.
Skipping 129 without malignancy.
Processing patient 130.
Processing patient 131.
Skipping 131 without malignancy.
Processing patient 132.
Skipping 132 without malignancy.
Processing patient 133.
Processing patient 134.
Skipping 134 without malignancy.
Processing patient 135.
Processing patient 136.
Processing patient 137.
Skipping 137 without malignancy.
Processing patient 138.
Skipping 138 without malignancy.
Processing patient 139.
Skipping 139 without malignancy.
Processing patient 140.
Processing patient 141.
Skipping 141 without malignancy.
Processing patient 142.
Processing patient 143.
Skipping 143 without malignancy.
Processing patient 144.
Skipping 144 without malignancy.
Processing patient 145.
Processing patient 146.
Processing patient 147.
Skipping 147 without malignancy.
Processing patient 148.
Processing patient 149.
Processing patient 150.
Processing patient 151.
Processing patient 152.
Skipping 152 without malignancy.
Processing patient 153.
Skipping 153 without malignancy.
Processing patient 154.
Skipping 154 without malignancy.
Processing patient 155.
Processing patient 156.
Processing patient 157.
Skipping 157 without malignancy.
Processing patient 158.
Processing patient 159.
Processing patient 160.
Processing patient 161.
Skipping 161 without malignancy.
Processing patient 162.
Skipping 162 without malignancy.
Processing patient 163.
Skipping 163 without malignancy.
Processing patient 164.
Skipping 164 without malignancy.
Processing patient 165.
Processing patient 166.
Processing patient 167.
Skipping 167 without malignancy.
Processing patient 168.
Processing patient 169.
Skipping 169 without malignancy.
Processing patient 170.
Processing patient 171.
Processing patient 172.
Processing patient 173.
Processing patient 174.
Processing patient 175.
Processing patient 176.
Processing patient 177.
Processing patient 178.
Processing patient 179.
Skipping 179 without malignancy.
Processing patient 180.
Skipping 180 without malignancy.
Processing patient 181.
Processing patient 182.
Processing patient 183.
Skipping 183 without malignancy.
Processing patient 184.
Skipping 184 without malignancy.
Processing patient 185.
Processing patient 186.
Processing patient 187.
Processing patient 188.
Skipping 188 without malignancy.
Processing patient 189.
Skipping 189 without malignancy.
Processing patient 190.
Skipping 190 without malignancy.
Processing patient 191.
Skipping 191 without malignancy.
Processing patient 192.
Processing patient 193.
Processing patient 194.
Processing patient 195.
Processing patient 196.
Processing patient 197.
Processing patient 198.
Processing patient 199.
Skipping 199 without malignancy.
Processing patient 200.
Processing patient 201.
Processing patient 202.
Processing patient 203.
Processing patient 204.
Processing patient 205.
Skipping 205 without malignancy.
Processing patient 206.
Processing patient 207.
Skipping 207 without malignancy.
Processing patient 208.
Processing patient 209.
Skipping 209 without malignancy.
Processing patient 210.
Processing patient 211.
Processing patient 212.
Processing patient 213.
Processing patient 214.
Processing patient 215.
Processing patient 216.
Skipping 216 without malignancy.
Processing patient 217.
Skipping 217 without malignancy.
Processing patient 218.
Processing patient 219.
Processing patient 220.
Processing patient 221.
Processing patient 222.
Skipping 222 without malignancy.
Processing patient 223.
Processing patient 224.
Skipping 224 without malignancy.
Processing patient 225.
Processing patient 226.
Processing patient 227.
Processing patient 228.
Skipping 228 without malignancy.
Processing patient 229.
Processing patient 230.
Skipping 230 without malignancy.
Processing patient 231.
Processing patient 232.
Skipping 232 without malignancy.
Processing patient 233.
Processing patient 234.
Skipping 234 without malignancy.
Processing patient 235.
Skipping 235 without malignancy.
Processing patient 236.
Processing patient 237.
Skipping 237 without malignancy.
Processing patient 238.
Skipping 238 without malignancy.
Processing patient 239.
Skipping 239 without malignancy.
Processing patient 240.
Skipping 240 without malignancy.
Processing patient 241.
Processing patient 242.
Skipping 242 without malignancy.
Processing patient 243.
Processing patient 244.
Processing patient 245.
Processing patient 246.
Processing patient 247.
Processing patient 248.
Skipping 248 without malignancy.
Processing patient 249.
Processing patient 250.
Skipping 250 without malignancy.
Processing patient 251.
Processing patient 252.
Processing patient 253.
Processing patient 254.
Processing patient 255.
Processing patient 256.
Processing patient 257.
Processing patient 258.
Processing patient 259.
Skipping 259 without malignancy.
Processing patient 260.
Processing patient 261.
Processing patient 262.
Skipping 262 without malignancy.
Processing patient 263.
Skipping 263 without malignancy.
Processing patient 264.
Skipping 264 without malignancy.
Processing patient 265.
Skipping 265 without malignancy.
Processing patient 266.
Skipping 266 without malignancy.
Processing patient 267.
Processing patient 268.
Skipping 268 without malignancy.
Processing patient 269.
Processing patient 270.
Skipping 270 without malignancy.
Processing patient 271.
Processing patient 272.
Skipping 272 without malignancy.
Processing patient 273.
Skipping 273 without malignancy.
Processing patient 274.
Processing patient 275.
Skipping 275 without malignancy.
Processing patient 276.
Skipping 276 without malignancy.
Processing patient 277.
Skipping 277 without malignancy.
Processing patient 278.
Skipping 278 without malignancy.
Processing patient 279.
Processing patient 280.
Skipping 280 without malignancy.
Processing patient 281.
Skipping 281 without malignancy.
Processing patient 282.
Processing patient 283.
Processing patient 284.
Processing patient 285.
Processing patient 286.
Processing patient 287.
Skipping 287 without malignancy.
Processing patient 288.
Processing patient 289.
Processing patient 290.
Processing patient 291.
Skipping 291 without malignancy.
Processing patient 292.
Processing patient 293.
Processing patient 294.
Skipping 294 without malignancy.
Processing patient 295.
Processing patient 296.
Processing patient 297.
Skipping 297 without malignancy.
Processing patient 298.
Skipping 298 without malignancy.
Processing patient 299.
Processing patient 300.
Processing patient 301.
Skipping 301 without malignancy.
Processing patient 302.
Processing patient 303.
Processing patient 304.
Skipping 304 without malignancy.
Processing patient 305.
Processing patient 306.
Skipping 306 without malignancy.
Processing patient 307.
Processing patient 308.
Processing patient 309.
Processing patient 310.
Processing patient 311.
Skipping 311 without malignancy.
Processing patient 312.
Skipping 312 without malignancy.
Processing patient 313.
Processing patient 314.
Skipping 314 without malignancy.
Processing patient 315.
Processing patient 316.
Processing patient 317.
Skipping 317 without malignancy.
Processing patient 318.
Processing patient 319.
Processing patient 320.
Processing patient 321.
Processing patient 322.
Skipping 322 without malignancy.
Processing patient 323.
Skipping 323 without malignancy.
Processing patient 324.
Skipping 324 without malignancy.
Processing patient 325.
Processing patient 326.
Processing patient 327.
Skipping 327 without malignancy.
Processing patient 328.
Processing patient 329.
Skipping 329 without malignancy.
Processing patient 330.
Processing patient 331.
Processing patient 332.
Skipping 332 without malignancy.
Processing patient 333.
Processing patient 334.
Skipping 334 without malignancy.
Processing patient 335.
Processing patient 336.
Processing patient 337.
Skipping 337 without malignancy.
Processing patient 338.
Skipping 338 without malignancy.
Processing patient 339.
Skipping 339 without malignancy.
Processing patient 340.
Skipping 340 without malignancy.
Processing patient 341.
Processing patient 342.
Processing patient 343.
Skipping 343 without malignancy.
Processing patient 344.
Processing patient 345.
Processing patient 346.
Processing patient 347.
Skipping 347 without malignancy.
Processing patient 348.
Skipping 348 without malignancy.
Processing patient 349.
Processing patient 350.
Skipping 350 without malignancy.
Processing patient 351.
Skipping 351 without malignancy.
Processing patient 352.
Skipping 352 without malignancy.
Processing patient 353.
Skipping 353 without malignancy.
Processing patient 354.
Processing patient 355.
Skipping 355 without malignancy.
Processing patient 356.
Skipping 356 without malignancy.
Processing patient 357.
Skipping 357 without malignancy.
Processing patient 358.
Processing patient 359.
Skipping 359 without malignancy.
Processing patient 360.
Processing patient 361.
Processing patient 362.
Processing patient 363.
Processing patient 364.
Processing patient 365.
Processing patient 366.
Processing patient 367.
Skipping 367 without malignancy.
Processing patient 368.
Processing patient 369.
Skipping 369 without malignancy.
Processing patient 370.
Skipping 370 without malignancy.
Processing patient 371.
Processing patient 372.
Skipping 372 without malignancy.
Processing patient 373.
Processing patient 374.
Skipping 374 without malignancy.
Processing patient 375.
Processing patient 376.
Skipping 376 without malignancy.
Processing patient 377.
Processing patient 378.
Processing patient 379.
Processing patient 380.
Processing patient 381.
Processing patient 382.
Processing patient 383.
Processing patient 384.
Processing patient 385.
Skipping 385 without malignancy.
Processing patient 386.
Processing patient 387.
Skipping 387 without malignancy.
Processing patient 388.
Processing patient 389.
Skipping 389 without malignancy.
Processing patient 390.
Skipping 390 without malignancy.
Processing patient 391.
Processing patient 392.
Skipping 392 without malignancy.
Processing patient 393.
Processing patient 394.
Skipping 394 without malignancy.
Processing patient 395.
Skipping 395 without malignancy.
Processing patient 396.
Processing patient 397.
Skipping 397 without malignancy.
Processing patient 398.
Processing patient 399.
Skipping 399 without malignancy.
Processing patient 400.
Skipping 400 without malignancy.
Processing patient 401.
Skipping 401 without malignancy.
Processing patient 402.
Skipping 402 without malignancy.
Processing patient 403.
Processing patient 404.
Processing patient 405.
Processing patient 406.
Skipping 406 without malignancy.
Processing patient 407.
Skipping 407 without malignancy.
Processing patient 408.
Skipping 408 without malignancy.
Processing patient 409.
Processing patient 410.
Skipping 410 without malignancy.
Processing patient 411.
Processing patient 412.
Processing patient 413.
Skipping 413 without malignancy.
Processing patient 414.
Skipping 414 without malignancy.
Processing patient 415.
Processing patient 416.
Skipping 416 without malignancy.
Processing patient 417.
Processing patient 418.
Processing patient 419.
Processing patient 420.
Skipping 420 without malignancy.
Processing patient 421.
Processing patient 422.
Processing patient 423.
Skipping 423 without malignancy.
Processing patient 424.
Processing patient 425.
Skipping 425 without malignancy.
Processing patient 426.
Skipping 426 without malignancy.
Processing patient 427.
Processing patient 428.
Processing patient 429.
Processing patient 430.
Processing patient 431.
Processing patient 432.
Skipping 432 without malignancy.
Processing patient 433.
Processing patient 434.
Skipping 434 without malignancy.
Processing patient 435.
Processing patient 436.
Skipping 436 without malignancy.
Processing patient 437.
Processing patient 438.
Processing patient 439.
Skipping 439 without malignancy.
Processing patient 440.
Skipping 440 without malignancy.
Processing patient 441.
Processing patient 442.
Skipping 442 without malignancy.
Processing patient 443.
Skipping 443 without malignancy.
Processing patient 444.
Processing patient 445.
Processing patient 446.
Skipping 446 without malignancy.
Processing patient 447.
Processing patient 448.
Processing patient 449.
Skipping 449 without malignancy.
Processing patient 450.
Processing patient 451.
Skipping 451 without malignancy.
Processing patient 452.
Processing patient 453.
Skipping 453 without malignancy.
Processing patient 454.
Processing patient 455.
Skipping 455 without malignancy.
Processing patient 456.
Skipping 456 without malignancy.
Processing patient 457.
Skipping 457 without malignancy.
Processing patient 458.
Skipping 458 without malignancy.
Processing patient 459.
Processing patient 460.
Skipping 460 without malignancy.
Processing patient 461.
Processing patient 462.
Processing patient 463.
Processing patient 464.
Processing patient 465.
Skipping 465 without malignancy.
Processing patient 466.
Skipping 466 without malignancy.
Processing patient 467.
Processing patient 468.
Processing patient 469.
Skipping 469 without malignancy.
Processing patient 470.
Processing patient 471.
Skipping 471 without malignancy.
Processing patient 472.
Processing patient 473.
Skipping 473 without malignancy.
Processing patient 474.
Processing patient 475.
Skipping 475 without malignancy.
Processing patient 476.
Skipping 476 without malignancy.
Processing patient 477.
Skipping 477 without malignancy.
Processing patient 478.
Processing patient 479.
Skipping 479 without malignancy.
Processing patient 480.
Skipping 480 without malignancy.
Processing patient 481.
Processing patient 482.
Skipping 482 without malignancy.
Processing patient 483.
Processing patient 484.
Processing patient 485.
Skipping 485 without malignancy.
Processing patient 486.
Processing patient 487.
Processing patient 488.
Processing patient 489.
Skipping 489 without malignancy.
Processing patient 490.
Skipping 490 without malignancy.
Processing patient 491.
Processing patient 492.
Processing patient 493.
Processing patient 494.
Processing patient 495.
Processing patient 496.
Skipping 496 without malignancy.
Processing patient 497.
Skipping 497 without malignancy.
Processing patient 498.
Skipping 498 without malignancy.
Processing patient 499.
Processing patient 500.
Processing patient 501.
Skipping 501 without malignancy.
Processing patient 502.
Processing patient 503.
Skipping 503 without malignancy.
Processing patient 504.
Skipping 504 without malignancy.
Processing patient 505.
Processing patient 506.
Skipping 506 without malignancy.
Processing patient 507.
Processing patient 508.
Processing patient 509.
Processing patient 510.
Skipping 510 without malignancy.
Processing patient 511.
Skipping 511 without malignancy.
Processing patient 512.
Processing patient 513.
Skipping 513 without malignancy.
Processing patient 514.
Processing patient 515.
Processing patient 516.
Skipping 516 without malignancy.
Processing patient 517.
Processing patient 518.
Skipping 518 without malignancy.
Processing patient 519.
Skipping 519 without malignancy.
Processing patient 520.
Skipping 520 without malignancy.
Processing patient 521.
Skipping 521 without malignancy.
Processing patient 522.
Processing patient 523.
Skipping 523 without malignancy.
Processing patient 524.
Skipping 524 without malignancy.
Processing patient 525.
Processing patient 526.
Skipping 526 without malignancy.
Processing patient 527.
Processing patient 528.
Processing patient 529.
Processing patient 530.
Skipping 530 without malignancy.
Processing patient 531.
Skipping 531 without malignancy.
Processing patient 532.
Processing patient 533.
Skipping 533 without malignancy.
Processing patient 534.
Processing patient 535.
Processing patient 536.
Processing patient 537.
Processing patient 538.
Skipping 538 without malignancy.
Processing patient 539.
Skipping 539 without malignancy.
Processing patient 540.
Processing patient 541.
Processing patient 542.
Processing patient 543.
Processing patient 544.
Skipping 544 without malignancy.
Processing patient 545.
Skipping 545 without malignancy.
Processing patient 546.
Skipping 546 without malignancy.
Processing patient 547.
Processing patient 548.
Processing patient 549.
Skipping 549 without malignancy.
Processing patient 550.
Processing patient 551.
Processing patient 552.
Processing patient 553.
Skipping 553 without malignancy.
Processing patient 554.
Processing patient 555.
Processing patient 556.
Skipping 556 without malignancy.
Processing patient 557.
Processing patient 558.
Skipping 558 without malignancy.
Processing patient 559.
Processing patient 560.
Skipping 560 without malignancy.
Processing patient 561.
Skipping 561 without malignancy.
Processing patient 562.
Skipping 562 without malignancy.
Processing patient 563.
Processing patient 564.
Processing patient 565.
Processing patient 566.
Processing patient 567.
Processing patient 568.
Processing patient 569.
Skipping 569 without malignancy.
Processing patient 570.
Skipping 570 without malignancy.
Processing patient 571.
Processing patient 572.
Processing patient 573.
Skipping 573 without malignancy.
Processing patient 574.
Skipping 574 without malignancy.
Processing patient 575.
Skipping 575 without malignancy.
Processing patient 576.
Processing patient 577.
Processing patient 578.
Processing patient 579.
Skipping 579 without malignancy.
Processing patient 580.
Processing patient 581.
Processing patient 582.
Processing patient 583.
Processing patient 584.
Processing patient 585.
Processing patient 586.
Skipping 586 without malignancy.
Processing patient 587.
Processing patient 588.
Processing patient 589.
Processing patient 590.
Skipping 590 without malignancy.
Processing patient 591.
Processing patient 592.
Processing patient 593.
Processing patient 594.
Skipping # /scratch/dj1311/Lung_cancer/LIDC_conversion5/LIDC-IDRI-0123/1.3.6.1.4.1.14519.5.2.1.6279.6001.222363923835851360513495795866/1.3.6.1.4.1.14519.5.2.1.6279.6001.103115201714075993579787468219/LIDC-IDRI-0123_CT.nrrd.nii.gz (512, 512, 234) (512, 512, 236)
Processing patient 595.
Skipping 595
Processing patient 596.
Processing patient 597.
Processing patient 598.
Skipping 598 without malignancy.
Processing patient 599.
Processing patient 600.
Processing patient 601.
Processing patient 602.
Skipping 602 without malignancy.
Processing patient 603.
Skipping 603 without malignancy.
Processing patient 604.
Processing patient 605.
Skipping 605 without malignancy.
Processing patient 606.
Processing patient 607.
Skipping 607 without malignancy.
Processing patient 608.
Processing patient 609.
Processing patient 610.
Skipping 610 without malignancy.
Processing patient 611.
Skipping 611 without malignancy.
Processing patient 612.
Processing patient 613.
Processing patient 614.
Skipping 614 without malignancy.
Processing patient 615.
Processing patient 616.
Processing patient 617.
Processing patient 618.
Skipping 618 without malignancy.
Processing patient 619.
Processing patient 620.
Skipping 620 without malignancy.
Processing patient 621.
Skipping 621 without malignancy.
Processing patient 622.
Processing patient 623.
Processing patient 624.
Processing patient 625.
Processing patient 626.
Skipping 626 without malignancy.
Processing patient 627.
Skipping # /scratch/dj1311/Lung_cancer/LIDC_conversion5/LIDC-IDRI-0672/1.3.6.1.4.1.14519.5.2.1.6279.6001.318267749315379295095253644829/1.3.6.1.4.1.14519.5.2.1.6279.6001.329334252028672866365623335798/LIDC-IDRI-0672_CT.nrrd.nii.gz (512, 512, 465) (512, 512, 462)
Processing patient 628.
Skipping 628
Processing patient 629.
Processing patient 630.
Processing patient 631.
Skipping 631 without malignancy.
Processing patient 632.
Skipping 632 without malignancy.
Processing patient 633.
Skipping 633 without malignancy.
Processing patient 634.
Processing patient 635.
Processing patient 636.
Processing patient 637.
Processing patient 638.
Processing patient 639.
Skipping 639 without malignancy.
Processing patient 640.
Skipping 640 without malignancy.
Processing patient 641.
Processing patient 642.
Skipping 642 without malignancy.
Processing patient 643.
Processing patient 644.
Processing patient 645.
Processing patient 646.
Processing patient 647.
Skipping 647 without malignancy.
Processing patient 648.
Skipping 648 without malignancy.
Processing patient 649.
Processing patient 650.
Skipping 650 without malignancy.
Processing patient 651.
Skipping 651 without malignancy.
Processing patient 652.
Processing patient 653.
Processing patient 654.
Processing patient 655.
Skipping 655 without malignancy.
Processing patient 656.
Skipping 656 without malignancy.
Processing patient 657.
Processing patient 658.
Processing patient 659.
Processing patient 660.
Processing patient 661.
Skipping 661 without malignancy.
Processing patient 662.
Processing patient 663.
Processing patient 664.
Skipping 664 without malignancy.
Processing patient 665.
Skipping 665 without malignancy.
Processing patient 666.
Skipping 666 without malignancy.
Processing patient 667.
Skipping 667 without malignancy.
Processing patient 668.
Skipping 668 without malignancy.
Processing patient 669.
Processing patient 670.
Processing patient 671.
Processing patient 672.
Skipping 672 without malignancy.
Processing patient 673.
Processing patient 674.
Skipping 674 without malignancy.
Processing patient 675.
Skipping 675 without malignancy.
Processing patient 676.
Skipping 676 without malignancy.
Processing patient 677.
Processing patient 678.
Skipping 678 without malignancy.
Processing patient 679.
Processing patient 680.
Skipping 680 without malignancy.
Processing patient 681.
Processing patient 682.
Skipping 682 without malignancy.
Processing patient 683.
Processing patient 684.
Skipping 684 without malignancy.
Processing patient 685.
Processing patient 686.
Processing patient 687.
Skipping # /scratch/dj1311/Lung_cancer/LIDC_conversion5/LIDC-IDRI-0267/1.3.6.1.4.1.14519.5.2.1.6279.6001.324984193116544130562864675468/1.3.6.1.4.1.14519.5.2.1.6279.6001.245181799370098278918756923992/LIDC-IDRI-0267_CT.nrrd.nii.gz (512, 512, 148) (512, 512, 150)
Processing patient 688.
Skipping 688
Processing patient 689.
Skipping 689 without malignancy.
Processing patient 690.
Skipping 690 without malignancy.
Processing patient 691.
Processing patient 692.
Processing patient 693.
Skipping 693 without malignancy.
Processing patient 694.
Processing patient 695.
Processing patient 696.
Processing patient 697.
Processing patient 698.
Skipping 698 without malignancy.
Processing patient 699.
Processing patient 700.
Processing patient 701.
Skipping 701 without malignancy.
Processing patient 702.
Processing patient 703.
Skipping 703 without malignancy.
Processing patient 704.
Skipping 704 without malignancy.
Processing patient 705.
Processing patient 706.
Processing patient 707.
Processing patient 708.
Processing patient 709.
Processing patient 710.
Processing patient 711.
Processing patient 712.
Skipping 712 without malignancy.
Processing patient 713.
Skipping 713 without malignancy.
Processing patient 714.
Processing patient 715.
Processing patient 716.
Processing patient 717.
Processing patient 718.
Processing patient 719.
Processing patient 720.
Processing patient 721.
Processing patient 722.
Processing patient 723.
Processing patient 724.
Skipping 724 without malignancy.
Processing patient 725.
Skipping 725 without malignancy.
Processing patient 726.
Processing patient 727.
Skipping 727 without malignancy.
Processing patient 728.
Skipping 728 without malignancy.
Processing patient 729.
Processing patient 730.
Skipping 730 without malignancy.
Processing patient 731.
Processing patient 732.
Processing patient 733.
Processing patient 734.
Processing patient 735.
Skipping 735 without malignancy.
Processing patient 736.
Skipping 736 without malignancy.
Processing patient 737.
Skipping 737 without malignancy.
Processing patient 738.
Skipping 738 without malignancy.
Processing patient 739.
Skipping 739 without malignancy.
Processing patient 740.
Skipping 740 without malignancy.
Processing patient 741.
Skipping 741 without malignancy.
Processing patient 742.
Processing patient 743.
Skipping 743 without malignancy.
Processing patient 744.
Skipping 744 without malignancy.
Processing patient 745.
Skipping 745 without malignancy.
Processing patient 746.
Processing patient 747.
Skipping 747 without malignancy.
Processing patient 748.
Skipping 748 without malignancy.
Processing patient 749.
Skipping 749 without malignancy.
Processing patient 750.
Skipping 750 without malignancy.
Processing patient 751.
Skipping 751 without malignancy.
Processing patient 752.
Processing patient 753.
Processing patient 754.
Skipping 754 without malignancy.
Processing patient 755.
Processing patient 756.
Processing patient 757.
Processing patient 758.
Skipping 758 without malignancy.
Processing patient 759.
Processing patient 760.
Processing patient 761.
Processing patient 762.
Skipping 762 without malignancy.
Processing patient 763.
Skipping 763 without malignancy.
Processing patient 764.
Processing patient 765.
Processing patient 766.
Processing patient 767.
Skipping 767 without malignancy.
Processing patient 768.
Skipping 768 without malignancy.
Processing patient 769.
Skipping 769 without malignancy.
Processing patient 770.
Processing patient 771.
Processing patient 772.
Processing patient 773.
Processing patient 774.
Processing patient 775.
Skipping 775 without malignancy.
Processing patient 776.
Processing patient 777.
Processing patient 778.
Processing patient 779.
Processing patient 780.
Processing patient 781.
Processing patient 782.
Processing patient 783.
Processing patient 784.
Processing patient 785.
Skipping 785 without malignancy.
Processing patient 786.
Processing patient 787.
Processing patient 788.
Processing patient 789.
Processing patient 790.
Skipping 790 without malignancy.
Processing patient 791.
Skipping 791 without malignancy.
Processing patient 792.
Processing patient 793.
Skipping 793 without malignancy.
Processing patient 794.
Processing patient 795.
Skipping 795 without malignancy.
Processing patient 796.
Skipping 796 without malignancy.
Processing patient 797.
Processing patient 798.
Processing patient 799.
Processing patient 800.
Processing patient 801.
Skipping 801 without malignancy.
Processing patient 802.
Processing patient 803.
Skipping 803 without malignancy.
Processing patient 804.
Skipping 804 without malignancy.
Processing patient 805.
Processing patient 806.
Processing patient 807.
Skipping 807 without malignancy.
Processing patient 808.
Skipping 808 without malignancy.
Processing patient 809.
Processing patient 810.
Processing patient 811.
Processing patient 812.
Skipping 812 without malignancy.
Processing patient 813.
Processing patient 814.
Processing patient 815.
Skipping 815 without malignancy.
Processing patient 816.
Skipping 816 without malignancy.
Processing patient 817.
Skipping 817 without malignancy.
Processing patient 818.
Processing patient 819.
Skipping 819 without malignancy.
Processing patient 820.
Skipping 820 without malignancy.
Processing patient 821.
Processing patient 822.
Processing patient 823.
Skipping 823 without malignancy.
Processing patient 824.
Processing patient 825.
Processing patient 826.
Processing patient 827.
Processing patient 828.
Processing patient 829.
Processing patient 830.
Processing patient 831.
Processing patient 832.
Processing patient 833.
Skipping 833 without malignancy.
Processing patient 834.
Processing patient 835.
Processing patient 836.
Skipping 836 without malignancy.
Processing patient 837.
Processing patient 838.
Skipping 838 without malignancy.
Processing patient 839.
Processing patient 840.
Processing patient 841.
Processing patient 842.
Processing patient 843.
Processing patient 844.
Processing patient 845.
Skipping 845 without malignancy.
Processing patient 846.
Skipping 846 without malignancy.
Processing patient 847.
Processing patient 848.
Processing patient 849.
Processing patient 850.
Processing patient 851.
Skipping 851 without malignancy.
Processing patient 852.
Processing patient 853.
Skipping 853 without malignancy.
Processing patient 854.
Skipping 854 without malignancy.
Processing patient 855.
Processing patient 856.
Skipping 856 without malignancy.
Processing patient 857.
Skipping 857 without malignancy.
Processing patient 858.
Skipping 858 without malignancy.
Processing patient 859.
Processing patient 860.
Processing patient 861.
Processing patient 862.
Processing patient 863.
Processing patient 864.
Processing patient 865.
Skipping 865 without malignancy.
Processing patient 866.
Processing patient 867.
Processing patient 868.
Processing patient 869.
Skipping 869 without malignancy.
Processing patient 870.
Processing patient 871.
Processing patient 872.
Skipping 872 without malignancy.
Processing patient 873.
Processing patient 874.
Processing patient 875.
Skipping 875 without malignancy.
Processing patient 876.
Skipping 876 without malignancy.
Processing patient 877.
Processing patient 878.
Processing patient 879.
Processing patient 880.
Processing patient 881.
Skipping 881 without malignancy.
Processing patient 882.
Traceback (most recent call last):
  File "extract_nodule.py", line 116, in <module>
    malignancies = torch.cat(malignancies)
TypeError: expected Tensor as element 0 in argument 0, but got int
