Processing patient 0.
Processing patient 1.
Processing patient 2.
Processing patient 3.
Skipping 3 without malignancy.
Processing patient 4.
Skipping 4 without malignancy.
Processing patient 5.
Processing patient 6.
Skipping 6 without malignancy.
Processing patient 7.
Processing patient 8.
Skipping 8 without malignancy.
Processing patient 9.
Processing patient 10.
Skipping 10 without malignancy.
Processing patient 11.
Skipping 11 without malignancy.
Processing patient 12.
Skipping 12 without malignancy.
Processing patient 13.
Processing patient 14.
Skipping 14 without malignancy.
Processing patient 15.
Skipping 15 without malignancy.
Processing patient 16.
Processing patient 17.
Skipping 17 without malignancy.
Processing patient 18.
Processing patient 19.
Skipping 19 without malignancy.
Processing patient 20.
Skipping 20 without malignancy.
Processing patient 21.
Processing patient 22.
Processing patient 23.
Processing patient 24.
Skipping 24 without malignancy.
Processing patient 25.
Processing patient 26.
Skipping 26 without malignancy.
Processing patient 27.
Skipping 27 without malignancy.
Processing patient 28.
Processing patient 29.
Processing patient 30.
Skipping 30 without malignancy.
Processing patient 31.
Processing patient 32.
Processing patient 33.
Skipping 33 without malignancy.
Processing patient 34.
Skipping 34 without malignancy.
Processing patient 35.
Processing patient 36.
Processing patient 37.
Processing patient 38.
Processing patient 39.
Processing patient 40.
Processing patient 41.
Processing patient 42.
Skipping 42 without malignancy.
Processing patient 43.
Processing patient 44.
Skipping 44 without malignancy.
Processing patient 45.
Skipping 45 without malignancy.
Processing patient 46.
Skipping 46 without malignancy.
Processing patient 47.
Skipping 47 without malignancy.
Processing patient 48.
Skipping 48 without malignancy.
Processing patient 49.
Processing patient 50.
Skipping 50 without malignancy.
Processing patient 51.
Processing patient 52.
Processing patient 53.
Skipping 53 without malignancy.
Processing patient 54.
Skipping 54 without malignancy.
Processing patient 55.
Skipping 55 without malignancy.
Processing patient 56.
Processing patient 57.
Skipping 57 without malignancy.
Processing patient 58.
Skipping 58 without malignancy.
Processing patient 59.
Skipping 59 without malignancy.
Processing patient 60.
Processing patient 61.
Skipping 61 without malignancy.
Processing patient 62.
Processing patient 63.
Skipping 63 without malignancy.
Processing patient 64.
Processing patient 65.
Processing patient 66.
Processing patient 67.
Skipping 67 without malignancy.
Processing patient 68.
Processing patient 69.
Processing patient 70.
Skipping 70 without malignancy.
Processing patient 71.
Processing patient 72.
Processing patient 73.
Skipping 73 without malignancy.
Processing patient 74.
Processing patient 75.
Processing patient 76.
Skipping 76 without malignancy.
Processing patient 77.
Processing patient 78.
Processing patient 79.
Processing patient 80.
Processing patient 81.
Processing patient 82.
Processing patient 83.
Skipping 83 without malignancy.
Processing patient 84.
Processing patient 85.
Skipping 85 without malignancy.
Processing patient 86.
Skipping 86 without malignancy.
Processing patient 87.
Skipping 87 without malignancy.
Processing patient 88.
Skipping 88 without malignancy.
Processing patient 89.
Skipping 89 without malignancy.
Processing patient 90.
Processing patient 91.
Processing patient 92.
Processing patient 93.
Skipping 93 without malignancy.
Processing patient 94.
Processing patient 95.
Processing patient 96.
Skipping 96 without malignancy.
Processing patient 97.
Skipping 97 without malignancy.
Processing patient 98.
Skipping 98 without malignancy.
Processing patient 99.
Processing patient 100.
Processing patient 101.
Skipping 101 without malignancy.
Processing patient 102.
Processing patient 103.
Processing patient 104.
Processing patient 105.
Processing patient 106.
Skipping 106 without malignancy.
Processing patient 107.
Processing patient 108.
Skipping 108 without malignancy.
Processing patient 109.
Skipping 109 without malignancy.
Processing patient 110.
Processing patient 111.
Processing patient 112.
Skipping 112 without malignancy.
Processing patient 113.
Processing patient 114.
Skipping 114 without malignancy.
Processing patient 115.
Skipping 115 without malignancy.
Processing patient 116.
Processing patient 117.
Skipping 117 without malignancy.
Processing patient 118.
Skipping 118 without malignancy.
Processing patient 119.
Processing patient 120.
Skipping 120 without malignancy.
Processing patient 121.
Skipping 121 without malignancy.
Processing patient 122.
Processing patient 123.
Processing patient 124.
Processing patient 125.
Skipping 125 without malignancy.
Processing patient 126.
Skipping 126 without malignancy.
Processing patient 127.
Processing patient 128.
Processing patient 129.
Skipping 129 without malignancy.
Processing patient 130.
Processing patient 131.
Skipping 131 without malignancy.
Processing patient 132.
Skipping 132 without malignancy.
Processing patient 133.
Processing patient 134.
Skipping 134 without malignancy.
Processing patient 135.
Processing patient 136.
Processing patient 137.
Skipping 137 without malignancy.
Processing patient 138.
Skipping 138 without malignancy.
Processing patient 139.
Skipping 139 without malignancy.
Processing patient 140.
Processing patient 141.
Skipping 141 without malignancy.
Processing patient 142.
Processing patient 143.
Skipping 143 without malignancy.
Processing patient 144.
Skipping 144 without malignancy.
Processing patient 145.
Processing patient 146.
Processing patient 147.
Skipping 147 without malignancy.
Processing patient 148.
Processing patient 149.
Processing patient 150.
Processing patient 151.
Processing patient 152.
Skipping 152 without malignancy.
Processing patient 153.
Skipping 153 without malignancy.
Processing patient 154.
Skipping 154 without malignancy.
Processing patient 155.
Processing patient 156.
Processing patient 157.
Skipping 157 without malignancy.
Processing patient 158.
Processing patient 159.
Processing patient 160.
Processing patient 161.
Skipping 161 without malignancy.
Processing patient 162.
Skipping 162 without malignancy.
Processing patient 163.
Skipping 163 without malignancy.
Processing patient 164.
Skipping 164 without malignancy.
Processing patient 165.
Processing patient 166.
Processing patient 167.
Skipping 167 without malignancy.
Processing patient 168.
Processing patient 169.
Skipping 169 without malignancy.
Processing patient 170.
Processing patient 171.
Processing patient 172.
Processing patient 173.
Processing patient 174.
Processing patient 175.
Processing patient 176.
Processing patient 177.
Processing patient 178.
Processing patient 179.
Skipping 179 without malignancy.
Processing patient 180.
Skipping 180 without malignancy.
Processing patient 181.
Processing patient 182.
Processing patient 183.
Skipping 183 without malignancy.
Processing patient 184.
Skipping 184 without malignancy.
Processing patient 185.
Processing patient 186.
Processing patient 187.
Processing patient 188.
Skipping 188 without malignancy.
Processing patient 189.
Skipping 189 without malignancy.
Processing patient 190.
Skipping 190 without malignancy.
Processing patient 191.
Skipping 191 without malignancy.
Processing patient 192.
Processing patient 193.
Processing patient 194.
Processing patient 195.
Processing patient 196.
Processing patient 197.
Processing patient 198.
Processing patient 199.
Skipping 199 without malignancy.
Processing patient 200.
Processing patient 201.
Processing patient 202.
Processing patient 203.
Processing patient 204.
Processing patient 205.
Skipping 205 without malignancy.
Processing patient 206.
Processing patient 207.
Skipping 207 without malignancy.
Processing patient 208.
Processing patient 209.
Skipping 209 without malignancy.
Processing patient 210.
Processing patient 211.
Processing patient 212.
Processing patient 213.
Processing patient 214.
Processing patient 215.
Processing patient 216.
Skipping 216 without malignancy.
Processing patient 217.
Skipping 217 without malignancy.
Processing patient 218.
Processing patient 219.
Processing patient 220.
Processing patient 221.
Processing patient 222.
Skipping 222 without malignancy.
Processing patient 223.
Processing patient 224.
Skipping 224 without malignancy.
Processing patient 225.
Processing patient 226.
Processing patient 227.
Processing patient 228.
Skipping 228 without malignancy.
Processing patient 229.
Processing patient 230.
Skipping 230 without malignancy.
Processing patient 231.
Processing patient 232.
Skipping 232 without malignancy.
Processing patient 233.
Processing patient 234.
Skipping 234 without malignancy.
Processing patient 235.
Skipping 235 without malignancy.
Processing patient 236.
Processing patient 237.
Skipping 237 without malignancy.
Processing patient 238.
Skipping 238 without malignancy.
Processing patient 239.
Skipping 239 without malignancy.
Processing patient 240.
Skipping 240 without malignancy.
Processing patient 241.
Processing patient 242.
Skipping 242 without malignancy.
Processing patient 243.
Processing patient 244.
Processing patient 245.
Processing patient 246.
Processing patient 247.
Processing patient 248.
Skipping 248 without malignancy.
Processing patient 249.
Processing patient 250.
Skipping 250 without malignancy.
Processing patient 251.
Processing patient 252.
Processing patient 253.
Processing patient 254.
Processing patient 255.
Processing patient 256.
Processing patient 257.
Processing patient 258.
Processing patient 259.
Skipping 259 without malignancy.
Processing patient 260.
Processing patient 261.
Processing patient 262.
Skipping 262 without malignancy.
Processing patient 263.
Skipping 263 without malignancy.
Processing patient 264.
Skipping 264 without malignancy.
Processing patient 265.
Skipping 265 without malignancy.
Processing patient 266.
Skipping 266 without malignancy.
Processing patient 267.
Processing patient 268.
Skipping 268 without malignancy.
Processing patient 269.
Processing patient 270.
Skipping 270 without malignancy.
Processing patient 271.
Processing patient 272.
Skipping 272 without malignancy.
Processing patient 273.
Skipping 273 without malignancy.
Processing patient 274.
Processing patient 275.
Skipping 275 without malignancy.
Processing patient 276.
Skipping 276 without malignancy.
Processing patient 277.
Skipping 277 without malignancy.
Processing patient 278.
Skipping 278 without malignancy.
Processing patient 279.
Processing patient 280.
Skipping 280 without malignancy.
Processing patient 281.
Skipping 281 without malignancy.
Processing patient 282.
Processing patient 283.
Processing patient 284.
Processing patient 285.
Processing patient 286.
Processing patient 287.
Skipping 287 without malignancy.
Processing patient 288.
Processing patient 289.
Processing patient 290.
Processing patient 291.
Skipping 291 without malignancy.
Processing patient 292.
Processing patient 293.
Processing patient 294.
Skipping 294 without malignancy.
Processing patient 295.
Processing patient 296.
Processing patient 297.
Skipping 297 without malignancy.
Processing patient 298.
Skipping 298 without malignancy.
Processing patient 299.
Processing patient 300.
Processing patient 301.
Skipping 301 without malignancy.
Processing patient 302.
Processing patient 303.
Processing patient 304.
Skipping 304 without malignancy.
Processing patient 305.
Processing patient 306.
Skipping 306 without malignancy.
Processing patient 307.
Processing patient 308.
Processing patient 309.
Processing patient 310.
Processing patient 311.
Skipping 311 without malignancy.
Processing patient 312.
Skipping 312 without malignancy.
Processing patient 313.
Processing patient 314.
Skipping 314 without malignancy.
Processing patient 315.
Processing patient 316.
Processing patient 317.
Skipping 317 without malignancy.
Processing patient 318.
Processing patient 319.
Processing patient 320.
Processing patient 321.
Processing patient 322.
Skipping 322 without malignancy.
Processing patient 323.
Skipping 323 without malignancy.
Processing patient 324.
Skipping 324 without malignancy.
Processing patient 325.
Processing patient 326.
Processing patient 327.
Skipping 327 without malignancy.
Processing patient 328.
Processing patient 329.
Skipping 329 without malignancy.
Processing patient 330.
Processing patient 331.
Processing patient 332.
Skipping 332 without malignancy.
Processing patient 333.
Processing patient 334.
Skipping 334 without malignancy.
Processing patient 335.
Processing patient 336.
Processing patient 337.
Skipping 337 without malignancy.
Processing patient 338.
Skipping 338 without malignancy.
Processing patient 339.
Skipping 339 without malignancy.
Processing patient 340.
Skipping 340 without malignancy.
Processing patient 341.
Processing patient 342.
Processing patient 343.
Skipping 343 without malignancy.
Processing patient 344.
Processing patient 345.
Processing patient 346.
Processing patient 347.
Skipping 347 without malignancy.
Processing patient 348.
Skipping 348 without malignancy.
Processing patient 349.
Processing patient 350.
Skipping 350 without malignancy.
Processing patient 351.
Skipping 351 without malignancy.
Processing patient 352.
Skipping 352 without malignancy.
Processing patient 353.
Skipping 353 without malignancy.
Processing patient 354.
Processing patient 355.
Skipping 355 without malignancy.
Processing patient 356.
Skipping 356 without malignancy.
Processing patient 357.
Skipping 357 without malignancy.
Processing patient 358.
Processing patient 359.
Skipping 359 without malignancy.
Processing patient 360.
Processing patient 361.
Processing patient 362.
Processing patient 363.
Processing patient 364.
Processing patient 365.
Processing patient 366.
Processing patient 367.
Skipping 367 without malignancy.
Processing patient 368.
Processing patient 369.
Skipping 369 without malignancy.
Processing patient 370.
Skipping 370 without malignancy.
Processing patient 371.
Processing patient 372.
Skipping 372 without malignancy.
Processing patient 373.
Processing patient 374.
Skipping 374 without malignancy.
Processing patient 375.
Processing patient 376.
Skipping 376 without malignancy.
Processing patient 377.
Processing patient 378.
Processing patient 379.
Processing patient 380.
Processing patient 381.
Processing patient 382.
Processing patient 383.
Processing patient 384.
Processing patient 385.
Skipping 385 without malignancy.
Processing patient 386.
Processing patient 387.
Skipping 387 without malignancy.
Processing patient 388.
Processing patient 389.
Skipping 389 without malignancy.
Processing patient 390.
Skipping 390 without malignancy.
Processing patient 391.
Processing patient 392.
Skipping 392 without malignancy.
Processing patient 393.
Processing patient 394.
Skipping 394 without malignancy.
Processing patient 395.
Skipping 395 without malignancy.
Processing patient 396.
Processing patient 397.
Skipping 397 without malignancy.
Processing patient 398.
Processing patient 399.
Skipping 399 without malignancy.
Processing patient 400.
Skipping 400 without malignancy.
Processing patient 401.
Skipping 401 without malignancy.
Processing patient 402.
Skipping 402 without malignancy.
Processing patient 403.
Processing patient 404.
Processing patient 405.
Processing patient 406.
Skipping 406 without malignancy.
Processing patient 407.
Skipping 407 without malignancy.
Processing patient 408.
Skipping 408 without malignancy.
Processing patient 409.
Processing patient 410.
Skipping 410 without malignancy.
Processing patient 411.
Processing patient 412.
Processing patient 413.
Skipping 413 without malignancy.
Processing patient 414.
Skipping 414 without malignancy.
Processing patient 415.
Processing patient 416.
Skipping 416 without malignancy.
Processing patient 417.
Processing patient 418.
Processing patient 419.
Processing patient 420.
Skipping 420 without malignancy.
Processing patient 421.
Processing patient 422.
Processing patient 423.
Skipping 423 without malignancy.
Processing patient 424.
Processing patient 425.
Skipping 425 without malignancy.
Processing patient 426.
Skipping 426 without malignancy.
Processing patient 427.
Processing patient 428.
Processing patient 429.
Processing patient 430.
Processing patient 431.
Processing patient 432.
Skipping 432 without malignancy.
Processing patient 433.
Processing patient 434.
Skipping 434 without malignancy.
Processing patient 435.
Processing patient 436.
Skipping 436 without malignancy.
Processing patient 437.
Processing patient 438.
Processing patient 439.
Skipping 439 without malignancy.
Processing patient 440.
Skipping 440 without malignancy.
Processing patient 441.
Processing patient 442.
Skipping 442 without malignancy.
Processing patient 443.
Skipping 443 without malignancy.
Processing patient 444.
Processing patient 445.
Processing patient 446.
Skipping 446 without malignancy.
Processing patient 447.
/opt/slurm/data/slurmd/job2594186/slurm_script: line 34: 29315 Killed                  python -u extract_nodule.py
slurmstepd: error: The SLURM utilizes Linux cgroups for resource containment. For reference please read the explanation in the bug report: https://bugs.schedmd.com/show_bug.cgi?id=3214#c4
slurmstepd: error: Detected 1 oom-kill event(s) in step 2594186.batch cgroup. Some of your processes may have been killed by the cgroup out-of-memory handler.
