Epochs: 0, i = 0, Loss = 1.7915234565734863
Epochs: 0, i = 1, Loss = 2.2344069480895996
Epochs: 0, i = 2, Loss = 1.5926744937896729
Epochs: 0, i = 3, Loss = 2.6027469635009766
Epochs: 0, i = 4, Loss = 2.4004104137420654
Epochs: 0, i = 5, Loss = 1.244384765625
Epochs: 0, i = 6, Loss = 2.2348034381866455
Epochs: 0, i = 7, Loss = 2.207677125930786
Epochs: 0, i = 8, Loss = 1.7155534029006958
Epochs: 0, i = 9, Loss = 1.4679851531982422
Epochs: 0, i = 10, Loss = 1.316374659538269
Epochs: 0, i = 11, Loss = 1.710784912109375
Epochs: 0, i = 12, Loss = 1.5868878364562988
Epochs: 0, i = 13, Loss = 1.3403352499008179
Epochs: 0, i = 14, Loss = 1.6078195571899414
Epochs: 0, i = 15, Loss = 1.3006573915481567
Epochs: 0, i = 16, Loss = 1.8273762464523315
Epochs: 0, i = 17, Loss = 1.2660820484161377
Epochs: 0, i = 18, Loss = 1.6120855808258057
Epochs: 0, i = 19, Loss = 2.4859094619750977
Epochs: 0, i = 20, Loss = 2.260404348373413
Epochs: 0, i = 21, Loss = 1.9852583408355713
Epochs: 0, i = 22, Loss = 1.9384320974349976
Epochs: 0, i = 23, Loss = 1.5542452335357666
Epochs: 0, i = 24, Loss = 1.484975814819336
Epochs: 0, i = 25, Loss = 1.34653902053833
Epochs: 1, i = 0, Loss = 1.6601773500442505
Epochs: 1, i = 1, Loss = 1.5909130573272705
Epochs: 1, i = 2, Loss = 2.0046660900115967
Epochs: 1, i = 3, Loss = 1.606630563735962
Epochs: 1, i = 4, Loss = 2.0270087718963623
Epochs: 1, i = 5, Loss = 2.0134270191192627
Epochs: 1, i = 6, Loss = 1.8289886713027954
Epochs: 1, i = 7, Loss = 1.5429717302322388
Epochs: 1, i = 8, Loss = 1.4039503335952759
Epochs: 1, i = 9, Loss = 1.750902533531189
Epochs: 1, i = 10, Loss = 1.490538477897644
Epochs: 1, i = 11, Loss = 1.9136812686920166
Epochs: 1, i = 12, Loss = 1.5830750465393066
Epochs: 1, i = 13, Loss = 1.4224289655685425
Epochs: 1, i = 14, Loss = 2.060168981552124
Epochs: 1, i = 15, Loss = 2.0020556449890137
Epochs: 1, i = 16, Loss = 1.5390164852142334
Epochs: 1, i = 17, Loss = 1.503076195716858
Epochs: 1, i = 18, Loss = 1.4128931760787964
Epochs: 1, i = 19, Loss = 1.462111234664917
Epochs: 1, i = 20, Loss = 1.42551851272583
Epochs: 1, i = 21, Loss = 1.5111665725708008
Epochs: 1, i = 22, Loss = 1.3078827857971191
Epochs: 1, i = 23, Loss = 1.764943242073059
Epochs: 1, i = 24, Loss = 1.2822185754776
Epochs: 1, i = 25, Loss = 1.501787781715393
Epochs: 2, i = 0, Loss = 1.506567358970642
Epochs: 2, i = 1, Loss = 1.5139628648757935
Epochs: 2, i = 2, Loss = 1.602559208869934
Epochs: 2, i = 3, Loss = 1.2201216220855713
Epochs: 2, i = 4, Loss = 1.3427565097808838
Epochs: 2, i = 5, Loss = 1.9722959995269775
Epochs: 2, i = 6, Loss = 1.1721140146255493
Epochs: 2, i = 7, Loss = 1.6838054656982422
Epochs: 2, i = 8, Loss = 1.7594985961914062
Epochs: 2, i = 9, Loss = 1.6349152326583862
Epochs: 2, i = 10, Loss = 1.2673819065093994
Epochs: 2, i = 11, Loss = 1.8915672302246094
Epochs: 2, i = 12, Loss = 1.7272613048553467
Epochs: 2, i = 13, Loss = 1.5248712301254272
Epochs: 2, i = 14, Loss = 1.57501220703125
Epochs: 2, i = 15, Loss = 1.3918147087097168
Epochs: 2, i = 16, Loss = 1.3658087253570557
Epochs: 2, i = 17, Loss = 1.3790079355239868
Epochs: 2, i = 18, Loss = 1.7606539726257324
Epochs: 2, i = 19, Loss = 1.8641937971115112
Epochs: 2, i = 20, Loss = 1.4970309734344482
Epochs: 2, i = 21, Loss = 1.531446099281311
Epochs: 2, i = 22, Loss = 1.3106107711791992
Epochs: 2, i = 23, Loss = 1.5061684846878052
Epochs: 2, i = 24, Loss = 1.1206938028335571
Epochs: 2, i = 25, Loss = 1.2115724086761475
Epochs: 3, i = 0, Loss = 1.1642659902572632
Epochs: 3, i = 1, Loss = 1.5729440450668335
Epochs: 3, i = 2, Loss = 1.3850117921829224
Epochs: 3, i = 3, Loss = 1.22683584690094
Epochs: 3, i = 4, Loss = 1.4530919790267944
Epochs: 3, i = 5, Loss = 1.3974626064300537
Epochs: 3, i = 6, Loss = 1.5586525201797485
Epochs: 3, i = 7, Loss = 1.2277758121490479
Epochs: 3, i = 8, Loss = 1.514535903930664
Epochs: 3, i = 9, Loss = 1.5241615772247314
Epochs: 3, i = 10, Loss = 1.6698826551437378
Epochs: 3, i = 11, Loss = 1.20999014377594
Epochs: 3, i = 12, Loss = 1.361965537071228
Epochs: 3, i = 13, Loss = 1.7023800611495972
Epochs: 3, i = 14, Loss = 1.3272545337677002
Epochs: 3, i = 15, Loss = 1.537268042564392
Epochs: 3, i = 16, Loss = 1.448505163192749
Epochs: 3, i = 17, Loss = 1.0465984344482422
Epochs: 3, i = 18, Loss = 1.4887309074401855
Epochs: 3, i = 19, Loss = 1.2994365692138672
Epochs: 3, i = 20, Loss = 1.39549720287323
Epochs: 3, i = 21, Loss = 1.3506414890289307
Epochs: 3, i = 22, Loss = 1.302140474319458
Epochs: 3, i = 23, Loss = 1.1384137868881226
Epochs: 3, i = 24, Loss = 1.1548353433609009
Epochs: 3, i = 25, Loss = 2.18825364112854
Epochs: 4, i = 0, Loss = 2.0007240772247314
Epochs: 4, i = 1, Loss = 1.2039525508880615
Epochs: 4, i = 2, Loss = 1.183302879333496
Epochs: 4, i = 3, Loss = 1.3022717237472534
Epochs: 4, i = 4, Loss = 1.2297251224517822
Epochs: 4, i = 5, Loss = 1.4135942459106445
Epochs: 4, i = 6, Loss = 1.709187626838684
Epochs: 4, i = 7, Loss = 1.7125755548477173
Epochs: 4, i = 8, Loss = 1.1886827945709229
Epochs: 4, i = 9, Loss = 1.4269002676010132
Epochs: 4, i = 10, Loss = 1.4521853923797607
Epochs: 4, i = 11, Loss = 1.1549471616744995
Epochs: 4, i = 12, Loss = 1.3845845460891724
Epochs: 4, i = 13, Loss = 1.4316153526306152
Epochs: 4, i = 14, Loss = 1.303520679473877
Epochs: 4, i = 15, Loss = 1.175144910812378
Epochs: 4, i = 16, Loss = 1.2456189393997192
Epochs: 4, i = 17, Loss = 1.5249768495559692
Epochs: 4, i = 18, Loss = 1.2417795658111572
Epochs: 4, i = 19, Loss = 1.401642084121704
Epochs: 4, i = 20, Loss = 1.674710988998413
Epochs: 4, i = 21, Loss = 1.2248514890670776
Epochs: 4, i = 22, Loss = 1.1284080743789673
Epochs: 4, i = 23, Loss = 1.8722392320632935
Epochs: 4, i = 24, Loss = 1.2893579006195068
Epochs: 4, i = 25, Loss = 1.225037932395935
Epochs: 5, i = 0, Loss = 1.1640828847885132
Epochs: 5, i = 1, Loss = 1.2802561521530151
Epochs: 5, i = 2, Loss = 1.1622066497802734
Epochs: 5, i = 3, Loss = 1.2706059217453003
Epochs: 5, i = 4, Loss = 1.0742830038070679
Epochs: 5, i = 5, Loss = 1.1633368730545044
Epochs: 5, i = 6, Loss = 1.265675663948059
Epochs: 5, i = 7, Loss = 1.5739554166793823
Epochs: 5, i = 8, Loss = 1.888113260269165
Epochs: 5, i = 9, Loss = 0.8983408212661743
Epochs: 5, i = 10, Loss = 1.4108917713165283
Epochs: 5, i = 11, Loss = 1.3004961013793945
Epochs: 5, i = 12, Loss = 1.3693475723266602
Epochs: 5, i = 13, Loss = 1.2798194885253906
Epochs: 5, i = 14, Loss = 1.4465065002441406
Epochs: 5, i = 15, Loss = 1.114450216293335
Epochs: 5, i = 16, Loss = 1.6686973571777344
Epochs: 5, i = 17, Loss = 1.2795313596725464
Epochs: 5, i = 18, Loss = 1.0017645359039307
Epochs: 5, i = 19, Loss = 1.4020923376083374
Epochs: 5, i = 20, Loss = 1.121027946472168
Epochs: 5, i = 21, Loss = 1.125401258468628
Epochs: 5, i = 22, Loss = 1.1616586446762085
Epochs: 5, i = 23, Loss = 1.8610292673110962
Epochs: 5, i = 24, Loss = 1.3941898345947266
Epochs: 5, i = 25, Loss = 1.5270873308181763
Epochs: 6, i = 0, Loss = 1.1134858131408691
Epochs: 6, i = 1, Loss = 1.5597262382507324
Epochs: 6, i = 2, Loss = 1.2007105350494385
Epochs: 6, i = 3, Loss = 1.3182345628738403
Epochs: 6, i = 4, Loss = 1.1668922901153564
Epochs: 6, i = 5, Loss = 1.087238073348999
Epochs: 6, i = 6, Loss = 1.256864070892334
Epochs: 6, i = 7, Loss = 1.1069897413253784
Epochs: 6, i = 8, Loss = 1.1940966844558716
Epochs: 6, i = 9, Loss = 1.384511113166809
Epochs: 6, i = 10, Loss = 1.3939608335494995
Epochs: 6, i = 11, Loss = 1.4373284578323364
Epochs: 6, i = 12, Loss = 1.2334305047988892
Epochs: 6, i = 13, Loss = 1.0836105346679688
Epochs: 6, i = 14, Loss = 1.5056449174880981
Epochs: 6, i = 15, Loss = 1.1882984638214111
Epochs: 6, i = 16, Loss = 1.5240885019302368
Epochs: 6, i = 17, Loss = 1.5146732330322266
Epochs: 6, i = 18, Loss = 1.023612380027771
Epochs: 6, i = 19, Loss = 1.1396890878677368
Epochs: 6, i = 20, Loss = 1.295971393585205
Epochs: 6, i = 21, Loss = 1.067616581916809
Epochs: 6, i = 22, Loss = 1.6282970905303955
Epochs: 6, i = 23, Loss = 1.0236029624938965
Epochs: 6, i = 24, Loss = 0.8688223361968994
Epochs: 6, i = 25, Loss = 1.1688743829727173
Epochs: 7, i = 0, Loss = 1.1224194765090942
Epochs: 7, i = 1, Loss = 1.1104921102523804
Epochs: 7, i = 2, Loss = 1.3338197469711304
Epochs: 7, i = 3, Loss = 1.2788220643997192
Epochs: 7, i = 4, Loss = 1.424180269241333
Epochs: 7, i = 5, Loss = 1.0388256311416626
Epochs: 7, i = 6, Loss = 1.4241127967834473
Epochs: 7, i = 7, Loss = 1.2333215475082397
Epochs: 7, i = 8, Loss = 1.357877492904663
Epochs: 7, i = 9, Loss = 1.0583202838897705
Epochs: 7, i = 10, Loss = 1.307847261428833
Epochs: 7, i = 11, Loss = 1.8707282543182373
Epochs: 7, i = 12, Loss = 0.9170584678649902
Epochs: 7, i = 13, Loss = 1.1156959533691406
Epochs: 7, i = 14, Loss = 1.358502745628357
Epochs: 7, i = 15, Loss = 1.0816640853881836
Epochs: 7, i = 16, Loss = 1.2211580276489258
Epochs: 7, i = 17, Loss = 1.175797939300537
Epochs: 7, i = 18, Loss = 1.1475151777267456
Epochs: 7, i = 19, Loss = 1.5257378816604614
Epochs: 7, i = 20, Loss = 0.9492964744567871
Epochs: 7, i = 21, Loss = 0.9200173616409302
Epochs: 7, i = 22, Loss = 1.3749330043792725
Epochs: 7, i = 23, Loss = 1.516686201095581
Epochs: 7, i = 24, Loss = 1.2321690320968628
Epochs: 7, i = 25, Loss = 0.8548620939254761
Epochs: 8, i = 0, Loss = 1.026397466659546
Epochs: 8, i = 1, Loss = 1.2106177806854248
Epochs: 8, i = 2, Loss = 1.467661738395691
Epochs: 8, i = 3, Loss = 0.9309699535369873
Epochs: 8, i = 4, Loss = 1.4071284532546997
Epochs: 8, i = 5, Loss = 1.1891010999679565
Epochs: 8, i = 6, Loss = 1.146040439605713
Epochs: 8, i = 7, Loss = 1.0939481258392334
Epochs: 8, i = 8, Loss = 1.3486578464508057
Epochs: 8, i = 9, Loss = 1.4320604801177979
Epochs: 8, i = 10, Loss = 1.2597310543060303
Epochs: 8, i = 11, Loss = 2.011500358581543
Epochs: 8, i = 12, Loss = 1.3828368186950684
Epochs: 8, i = 13, Loss = 0.867411732673645
Epochs: 8, i = 14, Loss = 1.0398995876312256
Epochs: 8, i = 15, Loss = 0.995506763458252
Epochs: 8, i = 16, Loss = 1.136367917060852
Epochs: 8, i = 17, Loss = 0.9669672250747681
Epochs: 8, i = 18, Loss = 1.1540296077728271
Epochs: 8, i = 19, Loss = 1.0801438093185425
Epochs: 8, i = 20, Loss = 0.9295760989189148
Epochs: 8, i = 21, Loss = 1.929250955581665
Epochs: 8, i = 22, Loss = 1.1103699207305908
Epochs: 8, i = 23, Loss = 1.785904884338379
Epochs: 8, i = 24, Loss = 0.9456204771995544
Epochs: 8, i = 25, Loss = 1.173575520515442
Epochs: 9, i = 0, Loss = 1.134495735168457
Epochs: 9, i = 1, Loss = 1.0645670890808105
Epochs: 9, i = 2, Loss = 1.0332491397857666
Epochs: 9, i = 3, Loss = 1.1963369846343994
Epochs: 9, i = 4, Loss = 0.9839942455291748
Epochs: 9, i = 5, Loss = 1.088102102279663
Epochs: 9, i = 6, Loss = 1.1539301872253418
Epochs: 9, i = 7, Loss = 0.9751197099685669
Epochs: 9, i = 8, Loss = 1.5069209337234497
Epochs: 9, i = 9, Loss = 1.392876148223877
Epochs: 9, i = 10, Loss = 1.2443269491195679
Epochs: 9, i = 11, Loss = 1.1214474439620972
Epochs: 9, i = 12, Loss = 1.819653034210205
Epochs: 9, i = 13, Loss = 1.4292893409729004
Epochs: 9, i = 14, Loss = 1.2473783493041992
Epochs: 9, i = 15, Loss = 1.1026233434677124
Epochs: 9, i = 16, Loss = 1.5138198137283325
Epochs: 9, i = 17, Loss = 1.0380408763885498
Epochs: 9, i = 18, Loss = 1.064188003540039
Epochs: 9, i = 19, Loss = 1.4982210397720337
Epochs: 9, i = 20, Loss = 0.8422378301620483
Epochs: 9, i = 21, Loss = 1.1278316974639893
Epochs: 9, i = 22, Loss = 1.5693564414978027
Epochs: 9, i = 23, Loss = 1.0654817819595337
Epochs: 9, i = 24, Loss = 1.2409172058105469
Epochs: 9, i = 25, Loss = 1.6661884784698486
Finished Training
Traceback (most recent call last):
  File "train.py", line 98, in <module>
    outputs = resnet18(images)
  File "/home/dj1311/.pyenv/versions/anaconda3-5.3.1/lib/python3.7/site-packages/torch/nn/modules/module.py", line 493, in __call__
    result = self.forward(*input, **kwargs)
  File "/home/dj1311/.pyenv/versions/anaconda3-5.3.1/lib/python3.7/site-packages/torchvision/models/resnet.py", line 192, in forward
    x = self.conv1(x)
  File "/home/dj1311/.pyenv/versions/anaconda3-5.3.1/lib/python3.7/site-packages/torch/nn/modules/module.py", line 493, in __call__
    result = self.forward(*input, **kwargs)
  File "/home/dj1311/.pyenv/versions/anaconda3-5.3.1/lib/python3.7/site-packages/torch/nn/modules/conv.py", line 338, in forward
    self.padding, self.dilation, self.groups)
RuntimeError: Given groups=1, weight of size 64 3 7 7, expected input[16, 50, 50, 50] to have 3 channels, but got 50 channels instead
