Epochs: 0, i = 0, Loss = 2.234273910522461
Epochs: 0, i = 1, Loss = 2.2097034454345703
Epochs: 0, i = 2, Loss = 2.5673656463623047
Epochs: 0, i = 3, Loss = 2.5154647827148438
Epochs: 0, i = 4, Loss = 2.6193230152130127
Epochs: 0, i = 5, Loss = 2.064631700515747
Epochs: 0, i = 6, Loss = 1.6939613819122314
Epochs: 0, i = 7, Loss = 1.4221916198730469
Epochs: 0, i = 8, Loss = 1.2040901184082031
Epochs: 0, i = 9, Loss = 1.3906612396240234
Epochs: 0, i = 10, Loss = 1.6503182649612427
Epochs: 0, i = 11, Loss = 1.6116063594818115
Epochs: 0, i = 12, Loss = 1.3736448287963867
Epochs: 0, i = 13, Loss = 1.3698266744613647
Epochs: 0, i = 14, Loss = 1.358162760734558
Epochs: 0, i = 15, Loss = 1.2485300302505493
Epochs: 0, i = 16, Loss = 1.5873165130615234
Epochs: 0, i = 17, Loss = 1.287651538848877
Epochs: 0, i = 18, Loss = 1.2504218816757202
Epochs: 0, i = 19, Loss = 1.2769114971160889
Epochs: 0, i = 20, Loss = 1.3050192594528198
Epochs: 0, i = 21, Loss = 1.8406991958618164
Epochs: 0, i = 22, Loss = 1.4639958143234253
Epochs: 0, i = 23, Loss = 1.3415437936782837
Epochs: 0, i = 24, Loss = 1.7114143371582031
Epochs: 0, i = 25, Loss = 1.4107871055603027
Epochs: 1, i = 0, Loss = 1.5088396072387695
Epochs: 1, i = 1, Loss = 1.247662901878357
Epochs: 1, i = 2, Loss = 1.5799674987792969
Epochs: 1, i = 3, Loss = 1.4507434368133545
Epochs: 1, i = 4, Loss = 1.4518518447875977
Epochs: 1, i = 5, Loss = 1.2644286155700684
Epochs: 1, i = 6, Loss = 1.5302733182907104
Epochs: 1, i = 7, Loss = 1.4371412992477417
Epochs: 1, i = 8, Loss = 1.2059426307678223
Epochs: 1, i = 9, Loss = 1.4367189407348633
Epochs: 1, i = 10, Loss = 1.4861849546432495
Epochs: 1, i = 11, Loss = 1.326406717300415
Epochs: 1, i = 12, Loss = 1.2291347980499268
Epochs: 1, i = 13, Loss = 1.4991976022720337
Epochs: 1, i = 14, Loss = 1.2361795902252197
Epochs: 1, i = 15, Loss = 1.2429624795913696
Epochs: 1, i = 16, Loss = 1.259447693824768
Epochs: 1, i = 17, Loss = 1.5970038175582886
Epochs: 1, i = 18, Loss = 1.479516625404358
Epochs: 1, i = 19, Loss = 1.263492465019226
Epochs: 1, i = 20, Loss = 1.3759148120880127
Epochs: 1, i = 21, Loss = 1.2426555156707764
Epochs: 1, i = 22, Loss = 1.3112448453903198
Epochs: 1, i = 23, Loss = 1.3412768840789795
Epochs: 1, i = 24, Loss = 1.5040383338928223
Epochs: 1, i = 25, Loss = 1.4812415838241577
Epochs: 2, i = 0, Loss = 1.425447940826416
Epochs: 2, i = 1, Loss = 1.2302038669586182
Epochs: 2, i = 2, Loss = 1.2515435218811035
Epochs: 2, i = 3, Loss = 1.2703882455825806
Epochs: 2, i = 4, Loss = 1.1532158851623535
Epochs: 2, i = 5, Loss = 1.145936131477356
Epochs: 2, i = 6, Loss = 1.1688287258148193
Epochs: 2, i = 7, Loss = 1.225818157196045
Epochs: 2, i = 8, Loss = 1.1053882837295532
Epochs: 2, i = 9, Loss = 1.5185034275054932
Epochs: 2, i = 10, Loss = 1.2877702713012695
Epochs: 2, i = 11, Loss = 1.2684937715530396
Epochs: 2, i = 12, Loss = 1.43752920627594
Epochs: 2, i = 13, Loss = 1.1059154272079468
Epochs: 2, i = 14, Loss = 0.7747776508331299
Epochs: 2, i = 15, Loss = 1.2582652568817139
Epochs: 2, i = 16, Loss = 1.209315538406372
Epochs: 2, i = 17, Loss = 1.227885127067566
Epochs: 2, i = 18, Loss = 1.5500205755233765
Epochs: 2, i = 19, Loss = 1.2824921607971191
Epochs: 2, i = 20, Loss = 1.3705463409423828
Epochs: 2, i = 21, Loss = 1.3969624042510986
Epochs: 2, i = 22, Loss = 1.2469995021820068
Epochs: 2, i = 23, Loss = 1.2097549438476562
Epochs: 2, i = 24, Loss = 1.4817382097244263
Epochs: 2, i = 25, Loss = 1.708314299583435
Epochs: 3, i = 0, Loss = 1.2556639909744263
Epochs: 3, i = 1, Loss = 1.1639854907989502
Epochs: 3, i = 2, Loss = 1.385178565979004
Epochs: 3, i = 3, Loss = 1.3756356239318848
Epochs: 3, i = 4, Loss = 1.0976094007492065
Epochs: 3, i = 5, Loss = 1.4772847890853882
Epochs: 3, i = 6, Loss = 1.0518138408660889
Epochs: 3, i = 7, Loss = 1.0567563772201538
Epochs: 3, i = 8, Loss = 1.2383729219436646
Epochs: 3, i = 9, Loss = 0.9424988627433777
Epochs: 3, i = 10, Loss = 1.0078999996185303
Epochs: 3, i = 11, Loss = 1.0775635242462158
Epochs: 3, i = 12, Loss = 1.140310525894165
Epochs: 3, i = 13, Loss = 1.8670909404754639
Epochs: 3, i = 14, Loss = 1.5591764450073242
Epochs: 3, i = 15, Loss = 1.1472787857055664
Epochs: 3, i = 16, Loss = 1.9233038425445557
Epochs: 3, i = 17, Loss = 1.277990460395813
Epochs: 3, i = 18, Loss = 1.2383434772491455
Epochs: 3, i = 19, Loss = 1.1106605529785156
Epochs: 3, i = 20, Loss = 1.363637089729309
Epochs: 3, i = 21, Loss = 1.1912810802459717
Epochs: 3, i = 22, Loss = 0.9681096076965332
Epochs: 3, i = 23, Loss = 1.3601316213607788
Epochs: 3, i = 24, Loss = 1.2592370510101318
Epochs: 3, i = 25, Loss = 0.9463293552398682
Epochs: 4, i = 0, Loss = 1.2193981409072876
Epochs: 4, i = 1, Loss = 1.393162727355957
Epochs: 4, i = 2, Loss = 1.0953049659729004
Epochs: 4, i = 3, Loss = 1.3499910831451416
Epochs: 4, i = 4, Loss = 1.3028128147125244
Epochs: 4, i = 5, Loss = 1.1877402067184448
Epochs: 4, i = 6, Loss = 1.1217281818389893
Epochs: 4, i = 7, Loss = 1.7790586948394775
Epochs: 4, i = 8, Loss = 1.1534658670425415
Epochs: 4, i = 9, Loss = 1.0726697444915771
Epochs: 4, i = 10, Loss = 1.124154806137085
Epochs: 4, i = 11, Loss = 1.3400568962097168
Epochs: 4, i = 12, Loss = 1.7221479415893555
Epochs: 4, i = 13, Loss = 1.1604912281036377
Epochs: 4, i = 14, Loss = 1.378830075263977
Epochs: 4, i = 15, Loss = 1.5176700353622437
Epochs: 4, i = 16, Loss = 1.309509515762329
Epochs: 4, i = 17, Loss = 1.3242719173431396
Epochs: 4, i = 18, Loss = 1.2078216075897217
Epochs: 4, i = 19, Loss = 1.2420878410339355
Epochs: 4, i = 20, Loss = 1.330014944076538
Epochs: 4, i = 21, Loss = 1.201183557510376
Epochs: 4, i = 22, Loss = 1.4056113958358765
Epochs: 4, i = 23, Loss = 1.324953556060791
Epochs: 4, i = 24, Loss = 1.2842227220535278
Epochs: 4, i = 25, Loss = 1.4530935287475586
Epochs: 5, i = 0, Loss = 1.3653182983398438
Epochs: 5, i = 1, Loss = 1.2519423961639404
Epochs: 5, i = 2, Loss = 1.1169335842132568
Epochs: 5, i = 3, Loss = 1.197412371635437
Epochs: 5, i = 4, Loss = 1.4953351020812988
Epochs: 5, i = 5, Loss = 1.3155951499938965
Epochs: 5, i = 6, Loss = 1.4953036308288574
Epochs: 5, i = 7, Loss = 1.48897123336792
Epochs: 5, i = 8, Loss = 1.1377999782562256
Epochs: 5, i = 9, Loss = 1.3428865671157837
Epochs: 5, i = 10, Loss = 0.9415386915206909
Epochs: 5, i = 11, Loss = 1.1772100925445557
Epochs: 5, i = 12, Loss = 1.1381216049194336
Epochs: 5, i = 13, Loss = 1.1720854043960571
Epochs: 5, i = 14, Loss = 1.1493180990219116
Epochs: 5, i = 15, Loss = 1.3654613494873047
Epochs: 5, i = 16, Loss = 1.1637946367263794
Epochs: 5, i = 17, Loss = 1.2745985984802246
Epochs: 5, i = 18, Loss = 0.9681359529495239
Epochs: 5, i = 19, Loss = 1.429166316986084
Epochs: 5, i = 20, Loss = 1.1526615619659424
Epochs: 5, i = 21, Loss = 1.138257622718811
Epochs: 5, i = 22, Loss = 1.0337767601013184
Epochs: 5, i = 23, Loss = 1.1883471012115479
Epochs: 5, i = 24, Loss = 1.334296464920044
Epochs: 5, i = 25, Loss = 1.2099958658218384
Epochs: 6, i = 0, Loss = 1.2367023229599
Epochs: 6, i = 1, Loss = 1.205957055091858
Epochs: 6, i = 2, Loss = 1.4646984338760376
Epochs: 6, i = 3, Loss = 0.9489678740501404
Epochs: 6, i = 4, Loss = 1.2890610694885254
Epochs: 6, i = 5, Loss = 1.4667328596115112
Epochs: 6, i = 6, Loss = 0.9755837321281433
Epochs: 6, i = 7, Loss = 0.9491874575614929
Epochs: 6, i = 8, Loss = 0.9652503132820129
Epochs: 6, i = 9, Loss = 1.2971570491790771
Epochs: 6, i = 10, Loss = 1.2456544637680054
Epochs: 6, i = 11, Loss = 1.3480571508407593
Epochs: 6, i = 12, Loss = 1.3060699701309204
Epochs: 6, i = 13, Loss = 1.3163381814956665
Epochs: 6, i = 14, Loss = 1.330848217010498
Epochs: 6, i = 15, Loss = 1.0126556158065796
Epochs: 6, i = 16, Loss = 1.5069434642791748
Epochs: 6, i = 17, Loss = 1.0683890581130981
Epochs: 6, i = 18, Loss = 1.2213717699050903
Epochs: 6, i = 19, Loss = 1.1201343536376953
Epochs: 6, i = 20, Loss = 1.0595334768295288
Epochs: 6, i = 21, Loss = 1.374470829963684
Epochs: 6, i = 22, Loss = 1.2374078035354614
Epochs: 6, i = 23, Loss = 1.2968592643737793
Epochs: 6, i = 24, Loss = 1.396079182624817
Epochs: 6, i = 25, Loss = 1.0193535089492798
Epochs: 7, i = 0, Loss = 1.3169434070587158
Epochs: 7, i = 1, Loss = 1.020980715751648
Epochs: 7, i = 2, Loss = 1.059388518333435
Epochs: 7, i = 3, Loss = 1.2209960222244263
Epochs: 7, i = 4, Loss = 1.179366111755371
Epochs: 7, i = 5, Loss = 1.3753539323806763
Epochs: 7, i = 6, Loss = 1.093087911605835
Epochs: 7, i = 7, Loss = 1.3071354627609253
Epochs: 7, i = 8, Loss = 1.6328463554382324
Epochs: 7, i = 9, Loss = 0.9993157386779785
Epochs: 7, i = 10, Loss = 1.1912968158721924
Epochs: 7, i = 11, Loss = 0.9026262164115906
Epochs: 7, i = 12, Loss = 1.276481032371521
Epochs: 7, i = 13, Loss = 0.9992154836654663
Epochs: 7, i = 14, Loss = 1.351483941078186
Epochs: 7, i = 15, Loss = 0.9656385183334351
Epochs: 7, i = 16, Loss = 0.9511869549751282
Epochs: 7, i = 17, Loss = 1.2612555027008057
Epochs: 7, i = 18, Loss = 0.9843189716339111
Epochs: 7, i = 19, Loss = 1.0814855098724365
Epochs: 7, i = 20, Loss = 1.0345087051391602
Epochs: 7, i = 21, Loss = 1.986864447593689
Epochs: 7, i = 22, Loss = 1.110121250152588
Epochs: 7, i = 23, Loss = 1.2022374868392944
Epochs: 7, i = 24, Loss = 1.076303482055664
Epochs: 7, i = 25, Loss = 0.8503071665763855
Epochs: 8, i = 0, Loss = 1.039478063583374
Epochs: 8, i = 1, Loss = 1.3805456161499023
Epochs: 8, i = 2, Loss = 1.0726861953735352
Epochs: 8, i = 3, Loss = 1.5398839712142944
Epochs: 8, i = 4, Loss = 1.3697633743286133
Epochs: 8, i = 5, Loss = 1.4561853408813477
Epochs: 8, i = 6, Loss = 0.8910487294197083
Epochs: 8, i = 7, Loss = 1.325476050376892
Epochs: 8, i = 8, Loss = 0.9779882431030273
Epochs: 8, i = 9, Loss = 1.0735480785369873
Epochs: 8, i = 10, Loss = 0.9915200471878052
Epochs: 8, i = 11, Loss = 1.2518538236618042
Epochs: 8, i = 12, Loss = 0.8920713067054749
Epochs: 8, i = 13, Loss = 0.9544403553009033
Epochs: 8, i = 14, Loss = 1.4447616338729858
Epochs: 8, i = 15, Loss = 0.9617443084716797
Epochs: 8, i = 16, Loss = 1.2016557455062866
Epochs: 8, i = 17, Loss = 1.2123886346817017
Epochs: 8, i = 18, Loss = 1.4100509881973267
Epochs: 8, i = 19, Loss = 1.407575011253357
Epochs: 8, i = 20, Loss = 1.490216612815857
Epochs: 8, i = 21, Loss = 0.9967654943466187
Epochs: 8, i = 22, Loss = 1.3262041807174683
Epochs: 8, i = 23, Loss = 1.0785391330718994
Epochs: 8, i = 24, Loss = 1.3241246938705444
Epochs: 8, i = 25, Loss = 1.044238567352295
Epochs: 9, i = 0, Loss = 1.746630311012268
Epochs: 9, i = 1, Loss = 0.9703906774520874
Epochs: 9, i = 2, Loss = 0.8782907724380493
Epochs: 9, i = 3, Loss = 1.0394929647445679
Epochs: 9, i = 4, Loss = 1.4451669454574585
Epochs: 9, i = 5, Loss = 1.1336461305618286
Epochs: 9, i = 6, Loss = 0.7818882465362549
Epochs: 9, i = 7, Loss = 1.3985799551010132
Epochs: 9, i = 8, Loss = 0.9469184875488281
Epochs: 9, i = 9, Loss = 1.5930427312850952
Epochs: 9, i = 10, Loss = 1.1234055757522583
Epochs: 9, i = 11, Loss = 0.9761026501655579
Epochs: 9, i = 12, Loss = 1.021270990371704
Epochs: 9, i = 13, Loss = 1.1141726970672607
Epochs: 9, i = 14, Loss = 1.002396583557129
Epochs: 9, i = 15, Loss = 1.0563111305236816
Epochs: 9, i = 16, Loss = 1.0170378684997559
Epochs: 9, i = 17, Loss = 1.1914527416229248
Epochs: 9, i = 18, Loss = 1.0995240211486816
Epochs: 9, i = 19, Loss = 1.221420407295227
Epochs: 9, i = 20, Loss = 0.9805043339729309
Epochs: 9, i = 21, Loss = 1.6930428743362427
Epochs: 9, i = 22, Loss = 1.1146727800369263
Epochs: 9, i = 23, Loss = 1.4739981889724731
Epochs: 9, i = 24, Loss = 1.301645278930664
Epochs: 9, i = 25, Loss = 0.9264666438102722
Finished Training
Traceback (most recent call last):
  File "train.py", line 99, in <module>
    outputs = resnet18(input)
  File "/home/dj1311/.pyenv/versions/anaconda3-5.3.1/lib/python3.7/site-packages/torch/nn/modules/module.py", line 493, in __call__
    result = self.forward(*input, **kwargs)
  File "/home/dj1311/.pyenv/versions/anaconda3-5.3.1/lib/python3.7/site-packages/torchvision/models/resnet.py", line 192, in forward
    x = self.conv1(x)
  File "/home/dj1311/.pyenv/versions/anaconda3-5.3.1/lib/python3.7/site-packages/torch/nn/modules/module.py", line 493, in __call__
    result = self.forward(*input, **kwargs)
  File "/home/dj1311/.pyenv/versions/anaconda3-5.3.1/lib/python3.7/site-packages/torch/nn/modules/conv.py", line 338, in forward
    self.padding, self.dilation, self.groups)
RuntimeError: Input type (torch.FloatTensor) and weight type (torch.cuda.FloatTensor) should be the same
